=========================================
JOB 1941055 on gh050.hsn.cm.delta.internal.ncsa.edu
NVIDIA GH200 120GB, 97871 MiB, 550.163.01
PyTorch 2.5.1
Transformers 4.36.2
CUDA 12.4
GPU: NVIDIA GH200 120GB
BF16 supported? True
=========================================
Loading model...
Router loaded from amip_router_best.pt

============================================================
TOKEN ALIGNMENT EXPERIMENT
cos(h, W_out[correct_token]) — higher = better directed
============================================================

  p_mask   | Base Align   | Router Align   |        Δ | N tokens
  ------------------------------------------------------------
  0.15     | 0.1342       | 0.1286         |  -0.0056 | 436
  0.30     | 0.1259       | 0.1162         |  -0.0097 | 856
  0.50     | 0.1002       | 0.0901         |  -0.0102 | 1478  ◄ peak
  0.70     | 0.0682       | 0.0621         |  -0.0060 | 2089
  0.85     | 0.0436       | 0.0439         |  +0.0003 | 2499
  0.95     | 0.0285       | 0.0304         |  +0.0019 | 2786

  Saved: token_alignment_by_mask_ratio.png

Running two-panel experiment (pairwise + alignment)...
  Running p_mask=0.15... done
  Running p_mask=0.30... done
  Running p_mask=0.50... done
  Running p_mask=0.70... done
  Running p_mask=0.85... done
  Running p_mask=0.95... done
  Saved: two_panel_symmetry_vs_alignment.png

============================================================
SUMMARY
============================================================

  p_mask   |   Pairwise Δ |   Alignment Δ
  --------------------------------------
  0.15     |      +0.0978 |       -0.0066
  0.30     |      +0.1368 |       -0.0104
  0.50     |      +0.1694 |       -0.0098
  0.70     |      +0.1502 |       -0.0061
  0.85     |      +0.0734 |       -0.0004
  0.95     |      -0.0125 |       +0.0017

  Interpretation:
  Pairwise Δ ≈ 0  → ALA does not alter global hidden state geometry
  Alignment Δ > 0 → ALA pushes each position toward the correct token

  This dissociation is the mechanistic story of the paper.

  Results saved to token_alignment_results.txt
  Plots: token_alignment_by_mask_ratio.png, two_panel_symmetry_vs_alignment.png
