=========================================
JOB 1940484 on gh097.hsn.cm.delta.internal.ncsa.edu
NVIDIA GH200 120GB, 97871 MiB, 550.163.01
PyTorch 2.5.1
CUDA 12.4
GPU: NVIDIA GH200 120GB
BF16: True
=========================================
Loading dataset...
Dataset loaded.
Filtering train...
Train filtered: 804413 examples
Filtering val...
Val filtered: 1743 examples
Creating dataloaders...
============================================================
Training ALA Router (H100 optimized)
  Dataset:    wikitext-103
  Max steps:  30000
  Batch size: 16 x 4 grad_accum = 64 effective
  Alpha:      0.05 + 0.15 * p_mask
  p_mask:     U[0.3, 1.0]
  Compile:    max-autotune | Optimizer: fused AdamW | Precision: bf16
============================================================
First training step starting...
  Step 200/30000 | Loss: 3.1342 | p_mask: 0.99 | alpha: 0.199 | Pairs: 292 | Steps/s: 2.54 | ETA: 195.2min
  Step 400/30000 | Loss: 3.1805 | p_mask: 0.66 | alpha: 0.149 | Pairs: 3340 | Steps/s: 2.57 | ETA: 191.9min
  Step 600/30000 | Loss: 3.0354 | p_mask: 0.68 | alpha: 0.152 | Pairs: 3305 | Steps/s: 2.58 | ETA: 190.1min
  Step 800/30000 | Loss: 3.2020 | p_mask: 0.93 | alpha: 0.189 | Pairs: 1126 | Steps/s: 2.58 | ETA: 188.4min
  Step 1000/30000 | Loss: 3.1581 | p_mask: 0.77 | alpha: 0.165 | Pairs: 2816 | Steps/s: 2.59 | ETA: 186.9min
  >>> Validation Loss: 3.0841 (best: inf)
  >>> New best model saved!
  Step 1200/30000 | Loss: 3.1202 | p_mask: 0.91 | alpha: 0.187 | Pairs: 1466 | Steps/s: 2.56 | ETA: 187.6min
  Step 1400/30000 | Loss: 3.1749 | p_mask: 0.90 | alpha: 0.185 | Pairs: 1509 | Steps/s: 2.56 | ETA: 185.9min
  Step 1600/30000 | Loss: 3.1005 | p_mask: 0.60 | alpha: 0.139 | Pairs: 3756 | Steps/s: 2.57 | ETA: 184.3min
  Step 1800/30000 | Loss: 3.0853 | p_mask: 0.97 | alpha: 0.196 | Pairs: 667 | Steps/s: 2.57 | ETA: 182.8min
  Step 2000/30000 | Loss: 3.1195 | p_mask: 0.90 | alpha: 0.185 | Pairs: 1656 | Steps/s: 2.57 | ETA: 181.4min
  >>> Validation Loss: 3.0256 (best: 3.0841)
  >>> New best model saved!
  Step 2200/30000 | Loss: 3.1408 | p_mask: 0.57 | alpha: 0.135 | Pairs: 3561 | Steps/s: 2.56 | ETA: 181.0min
  Step 2400/30000 | Loss: 3.0954 | p_mask: 0.91 | alpha: 0.187 | Pairs: 1413 | Steps/s: 2.56 | ETA: 179.5min
  Step 2600/30000 | Loss: 2.9856 | p_mask: 0.55 | alpha: 0.133 | Pairs: 4027 | Steps/s: 2.56 | ETA: 178.1min
  Step 2800/30000 | Loss: 2.9993 | p_mask: 0.87 | alpha: 0.181 | Pairs: 1723 | Steps/s: 2.57 | ETA: 176.7min
  Step 3000/30000 | Loss: 3.0062 | p_mask: 0.70 | alpha: 0.155 | Pairs: 3969 | Steps/s: 2.57 | ETA: 175.3min
  >>> Validation Loss: 3.0353 (best: 3.0256)
  Step 3200/30000 | Loss: 3.0740 | p_mask: 1.00 | alpha: 0.200 | Pairs: 165 | Steps/s: 2.56 | ETA: 174.5min
  Step 3400/30000 | Loss: 2.9922 | p_mask: 0.87 | alpha: 0.181 | Pairs: 1713 | Steps/s: 2.56 | ETA: 173.1min
  Step 3600/30000 | Loss: 3.0557 | p_mask: 0.69 | alpha: 0.153 | Pairs: 3704 | Steps/s: 2.56 | ETA: 171.7min
  Step 3800/30000 | Loss: 3.0160 | p_mask: 0.37 | alpha: 0.105 | Pairs: 4101 | Steps/s: 2.56 | ETA: 170.3min
  Step 4000/30000 | Loss: 2.9512 | p_mask: 0.41 | alpha: 0.111 | Pairs: 4295 | Steps/s: 2.57 | ETA: 168.9min
  >>> Validation Loss: 3.0328 (best: 3.0256)
  Step 4200/30000 | Loss: 3.1097 | p_mask: 0.54 | alpha: 0.130 | Pairs: 3889 | Steps/s: 2.56 | ETA: 168.0min
  Step 4400/30000 | Loss: 3.0401 | p_mask: 0.35 | alpha: 0.103 | Pairs: 3288 | Steps/s: 2.56 | ETA: 166.6min
  Step 4600/30000 | Loss: 3.0342 | p_mask: 0.37 | alpha: 0.106 | Pairs: 3904 | Steps/s: 2.56 | ETA: 165.2min
  Step 4800/30000 | Loss: 3.1599 | p_mask: 0.92 | alpha: 0.188 | Pairs: 1063 | Steps/s: 2.56 | ETA: 163.8min
  Step 5000/30000 | Loss: 3.0309 | p_mask: 0.36 | alpha: 0.104 | Pairs: 4259 | Steps/s: 2.56 | ETA: 162.5min
  >>> Validation Loss: 2.9800 (best: 3.0256)
  >>> New best model saved!
  Step 5200/30000 | Loss: 2.9832 | p_mask: 0.61 | alpha: 0.141 | Pairs: 3709 | Steps/s: 2.56 | ETA: 161.6min
  Step 5400/30000 | Loss: 3.0530 | p_mask: 0.92 | alpha: 0.188 | Pairs: 1357 | Steps/s: 2.56 | ETA: 160.2min
  Step 5600/30000 | Loss: 2.9432 | p_mask: 0.95 | alpha: 0.192 | Pairs: 843 | Steps/s: 2.56 | ETA: 158.8min
  Step 5800/30000 | Loss: 2.9707 | p_mask: 0.65 | alpha: 0.148 | Pairs: 3926 | Steps/s: 2.56 | ETA: 157.5min
  Step 6000/30000 | Loss: 3.0471 | p_mask: 0.87 | alpha: 0.180 | Pairs: 1804 | Steps/s: 2.56 | ETA: 156.1min
  >>> Validation Loss: 3.0047 (best: 2.9800)
  Step 6200/30000 | Loss: 3.0126 | p_mask: 0.83 | alpha: 0.175 | Pairs: 2256 | Steps/s: 2.56 | ETA: 155.1min
  Step 6400/30000 | Loss: 3.0293 | p_mask: 0.49 | alpha: 0.124 | Pairs: 3083 | Steps/s: 2.56 | ETA: 153.7min
  Step 6600/30000 | Loss: 3.0062 | p_mask: 0.96 | alpha: 0.195 | Pairs: 672 | Steps/s: 2.56 | ETA: 152.4min
  Step 6800/30000 | Loss: 3.0800 | p_mask: 0.89 | alpha: 0.183 | Pairs: 1886 | Steps/s: 2.56 | ETA: 151.0min
  Step 7000/30000 | Loss: 2.9638 | p_mask: 0.67 | alpha: 0.150 | Pairs: 3283 | Steps/s: 2.56 | ETA: 149.7min
  >>> Validation Loss: 3.0097 (best: 2.9800)
  Step 7200/30000 | Loss: 3.0378 | p_mask: 0.56 | alpha: 0.134 | Pairs: 4148 | Steps/s: 2.56 | ETA: 148.6min
  Step 7400/30000 | Loss: 3.0534 | p_mask: 0.96 | alpha: 0.193 | Pairs: 974 | Steps/s: 2.56 | ETA: 147.2min
  Step 7600/30000 | Loss: 3.0037 | p_mask: 0.86 | alpha: 0.179 | Pairs: 1867 | Steps/s: 2.56 | ETA: 145.9min
  Step 7800/30000 | Loss: 3.0129 | p_mask: 0.40 | alpha: 0.111 | Pairs: 4161 | Steps/s: 2.56 | ETA: 144.6min
  Step 8000/30000 | Loss: 3.0363 | p_mask: 0.39 | alpha: 0.109 | Pairs: 3831 | Steps/s: 2.56 | ETA: 143.2min
  >>> Validation Loss: 2.9669 (best: 2.9800)
  >>> New best model saved!
  Step 8200/30000 | Loss: 2.9972 | p_mask: 0.75 | alpha: 0.163 | Pairs: 2682 | Steps/s: 2.56 | ETA: 142.1min
  Step 8400/30000 | Loss: 3.1109 | p_mask: 0.35 | alpha: 0.103 | Pairs: 3421 | Steps/s: 2.56 | ETA: 140.8min
  Step 8600/30000 | Loss: 3.0533 | p_mask: 0.63 | alpha: 0.144 | Pairs: 3823 | Steps/s: 2.56 | ETA: 139.4min
  Step 8800/30000 | Loss: 3.0709 | p_mask: 0.99 | alpha: 0.198 | Pairs: 354 | Steps/s: 2.56 | ETA: 138.1min
  Step 9000/30000 | Loss: 3.0659 | p_mask: 0.70 | alpha: 0.155 | Pairs: 3587 | Steps/s: 2.56 | ETA: 136.7min
  >>> Validation Loss: 2.9528 (best: 2.9669)
  >>> New best model saved!
  Step 9200/30000 | Loss: 2.9664 | p_mask: 0.53 | alpha: 0.130 | Pairs: 3285 | Steps/s: 2.56 | ETA: 135.6min
  Step 9400/30000 | Loss: 3.0033 | p_mask: 0.95 | alpha: 0.193 | Pairs: 909 | Steps/s: 2.56 | ETA: 134.3min
  Step 9600/30000 | Loss: 3.0559 | p_mask: 0.73 | alpha: 0.160 | Pairs: 3610 | Steps/s: 2.56 | ETA: 132.9min
  Step 9800/30000 | Loss: 2.9792 | p_mask: 0.57 | alpha: 0.135 | Pairs: 3545 | Steps/s: 2.56 | ETA: 131.6min
  Step 10000/30000 | Loss: 3.0019 | p_mask: 0.42 | alpha: 0.113 | Pairs: 4262 | Steps/s: 2.56 | ETA: 130.2min
  >>> Validation Loss: 2.9925 (best: 2.9528)
  Step 10200/30000 | Loss: 3.1138 | p_mask: 0.53 | alpha: 0.129 | Pairs: 3617 | Steps/s: 2.56 | ETA: 129.0min
  Step 10400/30000 | Loss: 2.9985 | p_mask: 0.83 | alpha: 0.174 | Pairs: 2634 | Steps/s: 2.56 | ETA: 127.7min
  Step 10600/30000 | Loss: 3.0114 | p_mask: 0.81 | alpha: 0.172 | Pairs: 2845 | Steps/s: 2.56 | ETA: 126.4min
  Step 10800/30000 | Loss: 3.0290 | p_mask: 0.95 | alpha: 0.192 | Pairs: 1105 | Steps/s: 2.56 | ETA: 125.0min
  Step 11000/30000 | Loss: 2.9534 | p_mask: 0.80 | alpha: 0.170 | Pairs: 2753 | Steps/s: 2.56 | ETA: 123.7min
  >>> Validation Loss: 2.9747 (best: 2.9528)
  Step 11200/30000 | Loss: 2.9698 | p_mask: 0.61 | alpha: 0.141 | Pairs: 3691 | Steps/s: 2.56 | ETA: 122.5min
  Step 11400/30000 | Loss: 3.0092 | p_mask: 0.95 | alpha: 0.193 | Pairs: 940 | Steps/s: 2.56 | ETA: 121.2min
  Step 11600/30000 | Loss: 3.0789 | p_mask: 0.43 | alpha: 0.114 | Pairs: 3579 | Steps/s: 2.56 | ETA: 119.8min
  Step 11800/30000 | Loss: 2.9877 | p_mask: 0.71 | alpha: 0.157 | Pairs: 3737 | Steps/s: 2.56 | ETA: 118.5min
  Step 12000/30000 | Loss: 3.0238 | p_mask: 0.48 | alpha: 0.121 | Pairs: 3963 | Steps/s: 2.56 | ETA: 117.2min
  >>> Validation Loss: 3.0156 (best: 2.9528)
  Step 12200/30000 | Loss: 2.9865 | p_mask: 0.68 | alpha: 0.152 | Pairs: 4260 | Steps/s: 2.56 | ETA: 116.0min
  Step 12400/30000 | Loss: 2.9444 | p_mask: 0.91 | alpha: 0.187 | Pairs: 1268 | Steps/s: 2.56 | ETA: 114.6min
  Step 12600/30000 | Loss: 2.9364 | p_mask: 0.44 | alpha: 0.116 | Pairs: 4109 | Steps/s: 2.56 | ETA: 113.3min
  Step 12800/30000 | Loss: 2.9688 | p_mask: 0.72 | alpha: 0.158 | Pairs: 3540 | Steps/s: 2.56 | ETA: 112.0min
  Step 13000/30000 | Loss: 2.9603 | p_mask: 0.74 | alpha: 0.162 | Pairs: 3354 | Steps/s: 2.56 | ETA: 110.7min
  >>> Validation Loss: 2.9691 (best: 2.9528)
  Step 13200/30000 | Loss: 3.0243 | p_mask: 0.91 | alpha: 0.186 | Pairs: 1620 | Steps/s: 2.56 | ETA: 109.4min
  Step 13400/30000 | Loss: 3.0113 | p_mask: 0.40 | alpha: 0.110 | Pairs: 3860 | Steps/s: 2.56 | ETA: 108.1min
  Step 13600/30000 | Loss: 3.0589 | p_mask: 0.74 | alpha: 0.161 | Pairs: 2812 | Steps/s: 2.56 | ETA: 106.8min
  Step 13800/30000 | Loss: 3.0313 | p_mask: 0.42 | alpha: 0.112 | Pairs: 4144 | Steps/s: 2.56 | ETA: 105.5min
  Step 14000/30000 | Loss: 2.9990 | p_mask: 0.69 | alpha: 0.153 | Pairs: 3139 | Steps/s: 2.56 | ETA: 104.1min
  >>> Validation Loss: 2.9553 (best: 2.9528)
  Step 14200/30000 | Loss: 3.1158 | p_mask: 0.76 | alpha: 0.164 | Pairs: 2957 | Steps/s: 2.56 | ETA: 102.9min
  Step 14400/30000 | Loss: 3.0029 | p_mask: 0.75 | alpha: 0.162 | Pairs: 3646 | Steps/s: 2.56 | ETA: 101.6min
  Step 14600/30000 | Loss: 3.0189 | p_mask: 0.39 | alpha: 0.109 | Pairs: 4034 | Steps/s: 2.56 | ETA: 100.3min
  Step 14800/30000 | Loss: 2.9087 | p_mask: 0.79 | alpha: 0.169 | Pairs: 2494 | Steps/s: 2.56 | ETA: 99.0min
  Step 15000/30000 | Loss: 3.0846 | p_mask: 0.46 | alpha: 0.118 | Pairs: 4535 | Steps/s: 2.56 | ETA: 97.6min
  >>> Validation Loss: 2.9306 (best: 2.9528)
  >>> New best model saved!
  Step 15200/30000 | Loss: 3.0148 | p_mask: 0.31 | alpha: 0.096 | Pairs: 3553 | Steps/s: 2.56 | ETA: 96.4min
  Step 15400/30000 | Loss: 2.9743 | p_mask: 0.43 | alpha: 0.115 | Pairs: 3850 | Steps/s: 2.56 | ETA: 95.1min
  Step 15600/30000 | Loss: 2.9067 | p_mask: 0.46 | alpha: 0.119 | Pairs: 3477 | Steps/s: 2.56 | ETA: 93.8min
  Step 15800/30000 | Loss: 3.0199 | p_mask: 0.58 | alpha: 0.137 | Pairs: 3684 | Steps/s: 2.56 | ETA: 92.5min
  Step 16000/30000 | Loss: 3.1006 | p_mask: 0.74 | alpha: 0.161 | Pairs: 3669 | Steps/s: 2.56 | ETA: 91.2min
  >>> Validation Loss: 2.9987 (best: 2.9306)
  Step 16200/30000 | Loss: 2.9007 | p_mask: 0.68 | alpha: 0.152 | Pairs: 3905 | Steps/s: 2.56 | ETA: 89.9min
  Step 16400/30000 | Loss: 3.0496 | p_mask: 0.75 | alpha: 0.163 | Pairs: 3124 | Steps/s: 2.56 | ETA: 88.6min
  Step 16600/30000 | Loss: 2.9718 | p_mask: 0.88 | alpha: 0.182 | Pairs: 1923 | Steps/s: 2.56 | ETA: 87.3min
  Step 16800/30000 | Loss: 2.9609 | p_mask: 0.85 | alpha: 0.177 | Pairs: 1961 | Steps/s: 2.56 | ETA: 86.0min
  Step 17000/30000 | Loss: 2.9976 | p_mask: 0.32 | alpha: 0.098 | Pairs: 3944 | Steps/s: 2.56 | ETA: 84.6min
  >>> Validation Loss: 2.9466 (best: 2.9306)
  Step 17200/30000 | Loss: 3.0922 | p_mask: 0.96 | alpha: 0.193 | Pairs: 820 | Steps/s: 2.56 | ETA: 83.4min
  Step 17400/30000 | Loss: 3.0560 | p_mask: 0.99 | alpha: 0.199 | Pairs: 325 | Steps/s: 2.56 | ETA: 82.1min
  Step 17600/30000 | Loss: 2.9513 | p_mask: 0.84 | alpha: 0.176 | Pairs: 2346 | Steps/s: 2.56 | ETA: 80.8min
  Step 17800/30000 | Loss: 3.0103 | p_mask: 0.40 | alpha: 0.110 | Pairs: 3652 | Steps/s: 2.56 | ETA: 79.5min
  Step 18000/30000 | Loss: 2.9722 | p_mask: 0.64 | alpha: 0.146 | Pairs: 3269 | Steps/s: 2.56 | ETA: 78.1min
  >>> Validation Loss: 2.9694 (best: 2.9306)
  Step 18200/30000 | Loss: 3.0211 | p_mask: 0.50 | alpha: 0.125 | Pairs: 4630 | Steps/s: 2.56 | ETA: 76.9min
  Step 18400/30000 | Loss: 3.0204 | p_mask: 0.93 | alpha: 0.189 | Pairs: 1251 | Steps/s: 2.56 | ETA: 75.6min
  Step 18600/30000 | Loss: 3.0308 | p_mask: 0.73 | alpha: 0.160 | Pairs: 3115 | Steps/s: 2.56 | ETA: 74.3min
  Step 18800/30000 | Loss: 3.0144 | p_mask: 0.63 | alpha: 0.144 | Pairs: 3347 | Steps/s: 2.56 | ETA: 72.9min
  Step 19000/30000 | Loss: 2.9618 | p_mask: 0.90 | alpha: 0.185 | Pairs: 1871 | Steps/s: 2.56 | ETA: 71.6min
  >>> Validation Loss: 2.9875 (best: 2.9306)
  Step 19200/30000 | Loss: 3.0262 | p_mask: 0.42 | alpha: 0.113 | Pairs: 3551 | Steps/s: 2.56 | ETA: 70.4min
  Step 19400/30000 | Loss: 2.9513 | p_mask: 0.76 | alpha: 0.164 | Pairs: 3020 | Steps/s: 2.56 | ETA: 69.1min
  Step 19600/30000 | Loss: 3.0790 | p_mask: 0.52 | alpha: 0.129 | Pairs: 3879 | Steps/s: 2.56 | ETA: 67.7min
  Step 19800/30000 | Loss: 3.0025 | p_mask: 1.00 | alpha: 0.200 | Pairs: 210 | Steps/s: 2.56 | ETA: 66.4min
  Step 20000/30000 | Loss: 3.0161 | p_mask: 0.85 | alpha: 0.178 | Pairs: 1896 | Steps/s: 2.56 | ETA: 65.1min
  >>> Validation Loss: 2.9484 (best: 2.9306)
  Step 20200/30000 | Loss: 3.0257 | p_mask: 0.65 | alpha: 0.147 | Pairs: 3980 | Steps/s: 2.56 | ETA: 63.9min
  Step 20400/30000 | Loss: 3.0180 | p_mask: 0.84 | alpha: 0.177 | Pairs: 2348 | Steps/s: 2.56 | ETA: 62.5min
  Step 20600/30000 | Loss: 2.9655 | p_mask: 0.45 | alpha: 0.117 | Pairs: 3838 | Steps/s: 2.56 | ETA: 61.2min
  Step 20800/30000 | Loss: 3.0069 | p_mask: 0.95 | alpha: 0.192 | Pairs: 848 | Steps/s: 2.56 | ETA: 59.9min
  Step 21000/30000 | Loss: 3.0464 | p_mask: 0.64 | alpha: 0.146 | Pairs: 3182 | Steps/s: 2.56 | ETA: 58.6min
  >>> Validation Loss: 2.9534 (best: 2.9306)
  Step 21200/30000 | Loss: 2.9977 | p_mask: 0.47 | alpha: 0.121 | Pairs: 3222 | Steps/s: 2.56 | ETA: 57.3min
  Step 21400/30000 | Loss: 2.9430 | p_mask: 0.56 | alpha: 0.135 | Pairs: 4475 | Steps/s: 2.56 | ETA: 56.0min
  Step 21600/30000 | Loss: 2.9971 | p_mask: 0.65 | alpha: 0.147 | Pairs: 3556 | Steps/s: 2.56 | ETA: 54.7min
  Step 21800/30000 | Loss: 2.9558 | p_mask: 0.57 | alpha: 0.135 | Pairs: 4443 | Steps/s: 2.56 | ETA: 53.4min
  Step 22000/30000 | Loss: 2.9491 | p_mask: 0.84 | alpha: 0.176 | Pairs: 2472 | Steps/s: 2.56 | ETA: 52.1min
  >>> Validation Loss: 2.9266 (best: 2.9306)
  >>> New best model saved!
  Step 22200/30000 | Loss: 3.0243 | p_mask: 0.95 | alpha: 0.193 | Pairs: 794 | Steps/s: 2.56 | ETA: 50.8min
  Step 22400/30000 | Loss: 3.0205 | p_mask: 0.53 | alpha: 0.130 | Pairs: 3770 | Steps/s: 2.56 | ETA: 49.5min
  Step 22600/30000 | Loss: 2.9738 | p_mask: 0.53 | alpha: 0.129 | Pairs: 4227 | Steps/s: 2.56 | ETA: 48.2min
  Step 22800/30000 | Loss: 2.9668 | p_mask: 0.71 | alpha: 0.156 | Pairs: 3558 | Steps/s: 2.56 | ETA: 46.9min
  Step 23000/30000 | Loss: 2.9848 | p_mask: 0.51 | alpha: 0.126 | Pairs: 4635 | Steps/s: 2.56 | ETA: 45.6min
  >>> Validation Loss: 2.9259 (best: 2.9266)
  >>> New best model saved!
  Step 23200/30000 | Loss: 2.9803 | p_mask: 0.96 | alpha: 0.195 | Pairs: 762 | Steps/s: 2.56 | ETA: 44.3min
  Step 23400/30000 | Loss: 3.0250 | p_mask: 0.35 | alpha: 0.102 | Pairs: 3696 | Steps/s: 2.56 | ETA: 43.0min
  Step 23600/30000 | Loss: 2.9717 | p_mask: 0.58 | alpha: 0.136 | Pairs: 3890 | Steps/s: 2.56 | ETA: 41.7min
  Step 23800/30000 | Loss: 3.0223 | p_mask: 0.37 | alpha: 0.106 | Pairs: 3881 | Steps/s: 2.56 | ETA: 40.4min
  Step 24000/30000 | Loss: 3.0193 | p_mask: 0.63 | alpha: 0.145 | Pairs: 4228 | Steps/s: 2.56 | ETA: 39.1min
  >>> Validation Loss: 2.9850 (best: 2.9259)
  Step 24200/30000 | Loss: 2.8990 | p_mask: 0.80 | alpha: 0.170 | Pairs: 2890 | Steps/s: 2.56 | ETA: 37.8min
  Step 24400/30000 | Loss: 3.0750 | p_mask: 0.31 | alpha: 0.097 | Pairs: 3744 | Steps/s: 2.56 | ETA: 36.5min
  Step 24600/30000 | Loss: 3.0307 | p_mask: 0.88 | alpha: 0.182 | Pairs: 1549 | Steps/s: 2.56 | ETA: 35.2min
  Step 24800/30000 | Loss: 3.0129 | p_mask: 0.44 | alpha: 0.115 | Pairs: 4188 | Steps/s: 2.56 | ETA: 33.9min
  Step 25000/30000 | Loss: 3.0201 | p_mask: 0.60 | alpha: 0.140 | Pairs: 4139 | Steps/s: 2.56 | ETA: 32.6min
  >>> Validation Loss: 2.9380 (best: 2.9259)
  Step 25200/30000 | Loss: 3.0784 | p_mask: 0.85 | alpha: 0.178 | Pairs: 2220 | Steps/s: 2.56 | ETA: 31.3min
  Step 25400/30000 | Loss: 3.0121 | p_mask: 0.87 | alpha: 0.181 | Pairs: 2015 | Steps/s: 2.56 | ETA: 30.0min
  Step 25600/30000 | Loss: 3.0220 | p_mask: 0.57 | alpha: 0.136 | Pairs: 3759 | Steps/s: 2.56 | ETA: 28.7min
  Step 25800/30000 | Loss: 2.8889 | p_mask: 0.82 | alpha: 0.172 | Pairs: 2509 | Steps/s: 2.56 | ETA: 27.3min
  Step 26000/30000 | Loss: 2.9991 | p_mask: 0.69 | alpha: 0.154 | Pairs: 3907 | Steps/s: 2.56 | ETA: 26.0min
  >>> Validation Loss: 2.9669 (best: 2.9259)
  Step 26200/30000 | Loss: 2.9437 | p_mask: 0.75 | alpha: 0.162 | Pairs: 2375 | Steps/s: 2.56 | ETA: 24.7min
  Step 26400/30000 | Loss: 2.8931 | p_mask: 0.78 | alpha: 0.167 | Pairs: 3087 | Steps/s: 2.56 | ETA: 23.4min
  Step 26600/30000 | Loss: 2.9197 | p_mask: 0.78 | alpha: 0.167 | Pairs: 2712 | Steps/s: 2.56 | ETA: 22.1min
  Step 26800/30000 | Loss: 3.0377 | p_mask: 0.32 | alpha: 0.098 | Pairs: 3581 | Steps/s: 2.56 | ETA: 20.8min
  Step 27000/30000 | Loss: 2.9959 | p_mask: 0.88 | alpha: 0.182 | Pairs: 1945 | Steps/s: 2.56 | ETA: 19.5min
  >>> Validation Loss: 2.9856 (best: 2.9259)
  Step 27200/30000 | Loss: 2.9619 | p_mask: 0.62 | alpha: 0.142 | Pairs: 4014 | Steps/s: 2.56 | ETA: 18.2min
  Step 27400/30000 | Loss: 2.9537 | p_mask: 0.89 | alpha: 0.184 | Pairs: 1744 | Steps/s: 2.56 | ETA: 16.9min
  Step 27600/30000 | Loss: 3.0189 | p_mask: 0.74 | alpha: 0.161 | Pairs: 3111 | Steps/s: 2.56 | ETA: 15.6min
  Step 27800/30000 | Loss: 3.0120 | p_mask: 0.70 | alpha: 0.154 | Pairs: 3707 | Steps/s: 2.56 | ETA: 14.3min
  Step 28000/30000 | Loss: 3.0608 | p_mask: 0.89 | alpha: 0.183 | Pairs: 1821 | Steps/s: 2.56 | ETA: 13.0min
  >>> Validation Loss: 2.9578 (best: 2.9259)
  Step 28200/30000 | Loss: 2.9241 | p_mask: 0.71 | alpha: 0.156 | Pairs: 3257 | Steps/s: 2.56 | ETA: 11.7min
  Step 28400/30000 | Loss: 3.0516 | p_mask: 0.65 | alpha: 0.147 | Pairs: 4527 | Steps/s: 2.56 | ETA: 10.4min
  Step 28600/30000 | Loss: 2.9782 | p_mask: 0.59 | alpha: 0.139 | Pairs: 3645 | Steps/s: 2.56 | ETA: 9.1min
  Step 28800/30000 | Loss: 3.0477 | p_mask: 0.68 | alpha: 0.152 | Pairs: 3444 | Steps/s: 2.56 | ETA: 7.8min
  Step 29000/30000 | Loss: 3.0150 | p_mask: 0.67 | alpha: 0.151 | Pairs: 2757 | Steps/s: 2.56 | ETA: 6.5min
  >>> Validation Loss: 2.9753 (best: 2.9259)
  Step 29200/30000 | Loss: 2.9814 | p_mask: 0.89 | alpha: 0.184 | Pairs: 1819 | Steps/s: 2.56 | ETA: 5.2min
  Step 29400/30000 | Loss: 2.9739 | p_mask: 0.47 | alpha: 0.120 | Pairs: 4142 | Steps/s: 2.56 | ETA: 3.9min
  Step 29600/30000 | Loss: 3.0519 | p_mask: 0.66 | alpha: 0.149 | Pairs: 3841 | Steps/s: 2.56 | ETA: 2.6min
  Step 29800/30000 | Loss: 2.9371 | p_mask: 0.35 | alpha: 0.103 | Pairs: 3102 | Steps/s: 2.56 | ETA: 1.3min
  Step 30000/30000 | Loss: 2.9171 | p_mask: 0.64 | alpha: 0.146 | Pairs: 4010 | Steps/s: 2.56 | ETA: 0.0min
  >>> Validation Loss: 2.9384 (best: 2.9259)

Training complete. 30000 steps in 195.5 minutes.
Best validation loss: 2.9259
Models saved: amip_router_best.pt, amip_router_final.pt
