=========================================
JOB 1940030 on gh049.hsn.cm.delta.internal.ncsa.edu
NVIDIA GH200 120GB, 97871 MiB, 550.163.01
PyTorch 2.5.1
CUDA 12.4
GPU: NVIDIA GH200 120GB
BF16: True
=========================================
Loading model...
WARNING: No saved router — using random weights.

============================================================
TOKEN ALIGNMENT EXPERIMENT
cos(h, W_out[correct_token]) — higher = better directed
============================================================

  p_mask   | Base Align   | Router Align   |        Δ | N tokens
  ------------------------------------------------------------
  0.15     | 0.1345       | 0.1345         |  -0.0000 | 435
  0.30     | 0.1212       | 0.1212         |  +0.0000 | 909
  0.50     | 0.0986       | 0.0985         |  -0.0000 | 1461
  0.70     | 0.0667       | 0.0667         |  -0.0001 | 2091
  0.85     | 0.0428       | 0.0427         |  -0.0001 | 2499  ◄ peak
  0.95     | 0.0272       | 0.0272         |  -0.0000 | 2800

  Saved: token_alignment_by_mask_ratio.png

Running two-panel experiment (pairwise + alignment)...
  Running p_mask=0.15... done
  Running p_mask=0.30... done
  Running p_mask=0.50... done
  Running p_mask=0.70... done
  Running p_mask=0.85... done
  Running p_mask=0.95... done
  Saved: two_panel_symmetry_vs_alignment.png

============================================================
SUMMARY
============================================================

  p_mask   |   Pairwise Δ |   Alignment Δ
  --------------------------------------
  0.15     |      -0.0001 |       +0.0000
  0.30     |      -0.0001 |       +0.0000
  0.50     |      -0.0002 |       -0.0000
  0.70     |      -0.0003 |       -0.0001
  0.85     |      -0.0005 |       -0.0000
  0.95     |      -0.0004 |       -0.0000

  Interpretation:
  Pairwise Δ ≈ 0  → ALA does not alter global hidden state geometry
  Alignment Δ > 0 → ALA pushes each position toward the correct token

  This dissociation is the mechanistic story of the paper.

  Results saved to token_alignment_results.txt
  Plots: token_alignment_by_mask_ratio.png, two_panel_symmetry_vs_alignment.png
