=========================================
JOB 1940028 on gh048.hsn.cm.delta.internal.ncsa.edu
NVIDIA GH200 120GB, 97871 MiB, 550.163.01
PyTorch 2.5.1
CUDA 12.4
GPU: NVIDIA GH200 120GB
BF16: True
=========================================
Loading tokenizer and base model...
WARNING: No saved router found — using random weights.

============================================================
EXPERIMENT 1: Cosine Similarity vs Mask Ratio
============================================================
  p_mask   | Base CosSim    | Router CosSim  | Δ         
  ----------------------------------------------------
  0.15     | 0.3470         | 0.3470         | +0.0000   
  0.30     | 0.3595         | 0.3595         | +0.0000   
  0.50     | 0.4056         | 0.4055         | -0.0001   
  0.70     | 0.5244         | 0.5242         | -0.0002   
  0.85     | 0.6780         | 0.6776         | -0.0004   
  0.95     | 0.8544         | 0.8539         | -0.0005   

============================================================
EXPERIMENT 2: Cosine Similarity by Layer (p_mask=0.85)
============================================================
  Layer 0  (embedding): 1.0000
  Layer 16 (mid):       0.7598
  Layer -1 (final):     0.6530
  Router corrected:     0.6525  ← after ALA

  Plot saved: cosine_sim_by_mask_ratio.png
  Plot saved: cosine_sim_by_layer.png

============================================================
SUMMARY: Cosine Similarity Collapse
============================================================

  Mask Ratio | Base CosSim | Router CosSim | Δ
  ----------------------------------------------------
  0.15       | 0.3470      | 0.3470        | +0.0000
  0.30       | 0.3595      | 0.3595        | +0.0000
  0.50       | 0.4056      | 0.4055        | -0.0001
  0.70       | 0.5244      | 0.5242        | -0.0002
  0.85       | 0.6780      | 0.6776        | -0.0004
  0.95       | 0.8544      | 0.8539        | -0.0005

  Interpretation:
  • Values close to 1.0 = hidden states are nearly identical (collapsed)
  • Router values below base = ALA is successfully differentiating positions
  • Layer plot shows WHERE in the transformer collapse occurs

Done. Plots saved.
