=========================================
JOB 1944514 on gh096.hsn.cm.delta.internal.ncsa.edu
NVIDIA GH200 120GB, 97871 MiB, 570.172.08
PyTorch 2.5.1
Transformers 4.36.2
CUDA 12.4
GPU: NVIDIA GH200 120GB
BF16 supported? True
=========================================
Loading model...
Router loaded from amip_router_best.pt

================================================================================

================================================================================
Q1: Janet’s ducks lay 16 eggs per day. She eats three for breakfast every morning and bakes muffins for her friends every da
Gold: 18
================================================================================

  --- Baseline ✓ (pred=18) ---
  To determine how much money Janet makes every day at the farmers' market, we need to follow these steps:

1. Calculate the total number of eggs laid by Janet's ducks per day.
2. Subtract the number of eggs she eats for breakfast and bakes for her friends from the total number of eggs laid.
3. Determine the number of eggs she sells at the farmers' market.
4. Calculate the total revenue from selling the eggs.

1. Janet's ducks lay 16 eggs per day.
2. She eats 3 eggs for breakfast and bakes 4 eggs 
  Last tokens: [(126348, '<|eot_id|>'), (126081, '<|endoftext|>'), (126081, '<|endoftext|>'), (126081, '<|endoftext|>'), (126081, '<|endoftext|>'), (126081, '<|endoftext|>'), (126081, '<|endoftext|>'), (126081, '<|endoftext|>'), (126081, '<|endoftext|>'), (126081, '<|endoftext|>'), (126081, '<|endoftext|>'), (126081, '<|endoftext|>'), (126081, '<|endoftext|>'), (126081, '<|endoftext|>'), (126081, '<|endoftext|>'), (126081, '<|endoftext|>'), (126081, '<|endoftext|>'), (126081, '<|endoftext|>'), (126081, '<|endoftext|>'), (126081, '<|endoftext|>')]

  --- Router ✓ (pred=18) ---
  To determine how much money Janet makes every day at the farmers' market, we need to follow these steps:

1. Calculate the total number of eggs laid by Janet's ducks per day.
2. Subtract the number of eggs Janet eats and bakes from the total number of eggs laid to find out how many eggs she sells.
3. Multiply the number of eggs sold by the price per egg to find her daily earnings.

1. Janet's ducks lay 16 eggs per day.
2. Janet eats 3 eggs for breakfast and bakes 4 eggs for her friends every day
  Last tokens: [(16, '1'), (23, '8'), (198, '\n'), (2262, '####'), (220, ' '), (16, '1'), (23, '8'), (198, '\n'), (126081, '<|endoftext|>'), (2262, '####'), (220, ' '), (16, '1'), (23, '8'), (2262, '####'), (220, ' '), (16, '1'), (23, '8'), (2262, '####'), (71307, ' ####'), (126081, '<|endoftext|>')]

================================================================================
Q2: A robe takes 2 bolts of blue fiber and half that much white fiber.  How many bolts in total does it take?
Gold: 3
================================================================================

  --- Baseline ✗ (pred=3.) ---
  To determine the total number of bolts required for the robe, we need to add the bolts of blue fiber and the bolts of white fiber.

1. The robe takes 2 bolts of blue fiber.
2. The robe takes half as much white fiber as blue fiber. Since it takes 2 bolts of blue fiber, half of that is \( \frac{2}{2} = 1 \) bolt of white fiber.

Now, we add the bolts of blue fiber and the bolts of white fiber:
\[ 2 \text{ bolts of blue fiber} + 1 \text{ bolt of white fiber} = 3 \text{ bolts} \]

Therefore, the tot
  Last tokens: [(126081, '<|endoftext|>'), (126081, '<|endoftext|>'), (126081, '<|endoftext|>'), (126081, '<|endoftext|>'), (126081, '<|endoftext|>'), (126081, '<|endoftext|>'), (126081, '<|endoftext|>'), (126081, '<|endoftext|>'), (126081, '<|endoftext|>'), (126081, '<|endoftext|>'), (126081, '<|endoftext|>'), (126081, '<|endoftext|>'), (126081, '<|endoftext|>'), (126081, '<|endoftext|>'), (126081, '<|endoftext|>'), (126081, '<|endoftext|>'), (126081, '<|endoftext|>'), (126081, '<|endoftext|>'), (126081, '<|endoftext|>'), (126081, '<|endoftext|>')]

  --- Router ✗ (pred=1) ---
  To determine the total number of bolts required for the robe, we need to add the bolts of blue fiber and the bolts of white fiber together.

1. The robe takes 2 bolts of blue fiber.
2. The robe takes half as much white fiber as blue fiber. Since half of 2 bolts is 1 bolt, the robe takes 1 bolt of white fiber.

Now, we add the bolts of blue fiber and the bolts of white fiber:

2 bolts of blue fiber + 1 bolt of white fiber = 3 bolts

Therefore, the total number of bolts required for the robe is 3 
  Last tokens: [(220, ' '), (16, '1'), (198, '\n'), (2262, '####'), (220, ' '), (16, '1'), (198, '\n'), (2262, '####'), (220, ' '), (16, '1'), (198, '\n'), (2262, '####'), (220, ' '), (16, '1'), (198, '\n'), (2262, '####'), (220, ' '), (16, '1'), (198, '\n'), (2262, '####')]

================================================================================
Q3: Josh decides to try flipping a house.  He buys a house for $80,000 and then puts in $50,000 in repairs.  This increased 
Gold: 70000
================================================================================

  --- Baseline ✗ (pred=40000) ---
  To determine Josh's profit, we need to follow these steps:

1. Calculate the new value of the house after the repairs.
2. Determine the selling price of the house.
3. Calculate the profit by subtracting the original cost from the selling price.

**Step 1: Calculate the new value of the house after the repairs.**

The repairs increased the value of the house by 150%. The original value of the house is $80,000.

\[
\text{New value} = 80,000 \times 1.5 = 120,000
\]

**Step 2: Determine the selling 
  Last tokens: [(11, ','), (22255, ' Josh'), (698, "'s"), (12732, ' profit'), (341, ' is'), (795, ' \\'), (32289, 'boxed'), (90, '{'), (19, '4'), (15, '0'), (15, '0'), (15, '0'), (15, '0'), (7684, '}.'), (126348, '<|eot_id|>'), (126081, '<|endoftext|>'), (126081, '<|endoftext|>'), (126081, '<|endoftext|>'), (126081, '<|endoftext|>'), (126081, '<|endoftext|>')]

  --- Router ✗ (pred=000) ---
  1. Calculate the new value of the house after repairs.
2. Determine the profit by subtracting the original cost of the house from the new value.

Step 1: Calculate the new value of the house after repairs.
- The original value of the house is $80,000.
- The repairs increased the value by 150%.
- To find 150% of $80,000, multiply $80,000 by 1.50.
- $80,000 * 1.50 = $120,000.
- So, the new value of the house is $120,000.

Step 2: Determine the profit by subtracting the original cost of the house f
  Last tokens: [(15, '0'), (11, ','), (15, '0'), (15, '0'), (15, '0'), (13, '.'), (198, '\n'), (198, '\n'), (53466, 'Josh'), (1851, ' made'), (558, ' $'), (19, '4'), (15, '0'), (11, ','), (15, '0'), (15, '0'), (15, '0'), (12732, ' profit'), (13, '.'), (2262, '####')]

================================================================================
Q4: James decides to run 3 sprints 3 times a week.  He runs 60 meters each sprint.  How many total meters does he run a week
Gold: 540
================================================================================

  --- Baseline ✓ (pred=540) ---
  To determine the total distance James runs in a week, we need to break down the problem into smaller steps.

1. **Calculate the distance James runs in one day:**
   - James runs 3 sprints each day.
   - Each sprint is 60 meters.
   - Therefore, the distance he runs in one day is:
     \[
     3 \text{ sprints} \times 60 \text{ meters/sprint} = 180 \text{ meters/day}
     \]

2. **Calculate the distance James runs in one week:**
   - James runs 3 times a week.
   - Therefore, the distance he runs
  Last tokens: [(126081, '<|endoftext|>'), (126081, '<|endoftext|>'), (126081, '<|endoftext|>'), (126081, '<|endoftext|>'), (126081, '<|endoftext|>'), (126081, '<|endoftext|>'), (126081, '<|endoftext|>'), (126081, '<|endoftext|>'), (126081, '<|endoftext|>'), (126081, '<|endoftext|>'), (126081, '<|endoftext|>'), (126081, '<|endoftext|>'), (126081, '<|endoftext|>'), (126081, '<|endoftext|>'), (126081, '<|endoftext|>'), (126081, '<|endoftext|>'), (126081, '<|endoftext|>'), (126081, '<|endoftext|>'), (126081, '<|endoftext|>'), (126081, '<|endoftext|>')]

  --- Router ✓ (pred=540) ---
  To determine how many total meters James runs in a week, we need to break down the problem into smaller steps and calculate each part individually.

1. Calculate the number of sprints James runs in a week.
2. Calculate the total distance James runs in one week.
3. Multiply the total distance by the number of sprints to get the total distance James runs in a week.

#### 1: Calculate the number of sprints James runs in a week.
James runs 3 sprints 3 times a week.

#### 2: Calculate the total dista
  Last tokens: [(198, '\n'), (198, '\n'), (4086, 'So'), (11, ','), (8922, ' James'), (9660, ' runs'), (259, ' a'), (3886, ' total'), (300, ' of'), (220, ' '), (20, '5'), (19, '4'), (15, '0'), (20822, ' meters'), (296, ' in'), (259, ' a'), (2478, ' week'), (13, '.'), (198, '\n'), (2262, '####')]

================================================================================
Q5: Every day, Wendi feeds each of her chickens three cups of mixed chicken feed, containing seeds, mealworms and vegetables
Gold: 20
================================================================================

  --- Baseline ✓ (pred=20) ---
  To determine how many cups of feed Wendi needs to give her chickens in the final meal of the day, we can follow these steps:

1. Calculate the total amount of feed needed for the entire day.
2. Subtract the amount of feed already given in the morning and afternoon from the total amount needed.

First, let's calculate the total amount of feed needed for the entire day:
- Each chicken needs 3 cups of feed per day.
- Wendi has 20 chickens.
- Total feed needed = 20 chickens * 3 cups/chicken = 60 cup
  Last tokens: [(69651, ' \\(\\'), (32289, 'boxed'), (90, '{'), (17, '2'), (15, '0'), (2964, '}\\'), (8, ')'), (21699, ' cups'), (300, ' of'), (5277, ' feed'), (296, ' in'), (268, ' the'), (2753, ' final'), (13407, ' meal'), (300, ' of'), (268, ' the'), (1813, ' day'), (13, '.'), (126348, '<|eot_id|>'), (126081, '<|endoftext|>')]

  --- Router ✓ (pred=20) ---
  To determine how many cups of feed Wendi needs to give her chickens in the final meal of the day, we can follow these steps:

1. Calculate the total amount of feed needed for the day.
2. Subtract the amount of feed already given in the morning and afternoon from the total amount needed.

First, let's calculate the total amount of feed needed for the day:
- Each chicken gets 3 cups of feed.
- There are 20 chickens.
- Total feed needed = 20 chickens * 3 cups/chicken = 60 cups.

Next, let's subtrac
  Last tokens: [(297, ' to'), (2697, ' give'), (1094, ' her'), (47860, ' chickens'), (220, ' '), (17, '2'), (15, '0'), (21699, ' cups'), (300, ' of'), (5277, ' feed'), (296, ' in'), (268, ' the'), (2753, ' final'), (13407, ' meal'), (300, ' of'), (268, ' the'), (1813, ' day'), (13, '.'), (198, '\n'), (2262, '####')]

================================================================================
Q6: Kylar went to the store to buy glasses for his new apartment. One glass costs $5, but every second glass costs only 60% 
Gold: 64
================================================================================

  --- Baseline ✓ (pred=64) ---
  1. Calculate the cost of the first 8 glasses.
2. Calculate the cost of the next 8 glasses.
3. Add the costs from steps 1 and 2 to get the total cost.

1. The cost of the first 8 glasses is:
   \[
   8 \times 5 = 40 \text{ dollars}
   \]

2. The cost of the next 8 glasses is:
   \[
   8 \times (5 \times 0.6) = 8 \times 3 = 24 \text{ dollars}
   \]

3. The total cost for all 16 glasses is:
   \[
   40 + 24 = 64 \text{ dollars}
   \]

So, Kylar needs to pay $64 for the 16 glasses.

#### 64
  Last tokens: [(126081, '<|endoftext|>'), (126081, '<|endoftext|>'), (126081, '<|endoftext|>'), (126081, '<|endoftext|>'), (126081, '<|endoftext|>'), (126081, '<|endoftext|>'), (126081, '<|endoftext|>'), (126081, '<|endoftext|>'), (126081, '<|endoftext|>'), (126081, '<|endoftext|>'), (126081, '<|endoftext|>'), (126081, '<|endoftext|>'), (126081, '<|endoftext|>'), (126081, '<|endoftext|>'), (126081, '<|endoftext|>'), (126081, '<|endoftext|>'), (126081, '<|endoftext|>'), (126081, '<|endoftext|>'), (126081, '<|endoftext|>'), (126081, '<|endoftext|>')]

  --- Router ✓ (pred=64) ---
  1. Kylar wants to buy 16 glasses.
2. The first glass costs $5.
3. Every second glass costs 60% of the price of the first glass.
4. To find the cost of the second glass, we calculate 60% of $5, which is 0.60 * $5 = $3.
5. Therefore, every second glass costs $3.
6. Kylar wants to buy 16 glasses, which means he will have 8 pairs of glasses.
7. Each pair consists of one first glass and one second glass.
8. The cost of one pair of glasses is the cost of the first glass plus the cost of the second gla
  Last tokens: [(220, ' '), (198, '\n'), (2262, '####'), (220, ' '), (21, '6'), (19, '4'), (71307, ' ####'), (220, ' '), (198, '\n'), (126081, '<|endoftext|>'), (2262, '####'), (220, ' '), (198, '\n'), (198, '\n'), (2262, '####'), (220, ' '), (21, '6'), (19, '4'), (71307, ' ####'), (220, ' ')]

================================================================================
Q7: Toulouse has twice as many sheep as Charleston. Charleston has 4 times as many sheep as Seattle. How many sheep do Toulo
Gold: 260
================================================================================

  --- Baseline ✓ (pred=260) ---
  To determine the total number of sheep that Toulouse, Charleston, and Seattle have together, we will follow these steps:

1. **Determine the number of sheep Charleston has:**
   - Seattle has 20 sheep.
   - Charleston has 4 times as many sheep as Seattle.
   - Therefore, Charleston has \(4 \times 20 = 80\) sheep.

2. **Determine the number of sheep Toulouse has:**
   - Toulouse has twice as many sheep as Charleston.
   - Therefore, Toulouse has \(2 \times 80 = 160\) sheep.

3. **Calculate the to
  Last tokens: [(126081, '<|endoftext|>'), (126081, '<|endoftext|>'), (126081, '<|endoftext|>'), (126081, '<|endoftext|>'), (126081, '<|endoftext|>'), (126081, '<|endoftext|>'), (126081, '<|endoftext|>'), (126081, '<|endoftext|>'), (126081, '<|endoftext|>'), (126081, '<|endoftext|>'), (126081, '<|endoftext|>'), (126081, '<|endoftext|>'), (126081, '<|endoftext|>'), (126081, '<|endoftext|>'), (126081, '<|endoftext|>'), (126081, '<|endoftext|>'), (126081, '<|endoftext|>'), (126081, '<|endoftext|>'), (126081, '<|endoftext|>'), (126081, '<|endoftext|>')]

  --- Router ✓ (pred=260) ---
  Let's break down the problem step by step.

1. Seattle has 20 sheep.
2. Charleston has 4 times as many sheep as Seattle. So, Charleston has \(4 \times 20 = 80\) sheep.
3. Toulouse has twice as many sheep as Charleston. So, Toulouse has \(2 \times 80 = 160\) sheep.
4. Now, we add the number of sheep each person has to find the total:
   - Seattle: 20 sheep
   - Charleston: 80 sheep
   - Toulouse: 160 sheep

#### Total number of sheep = 20 + 80 + 160 = 260 sheep.

#### 
#### 
#### 
#### 
#### 
###
  Last tokens: [(2262, '####'), (220, ' '), (198, '\n'), (2262, '####'), (220, ' '), (198, '\n'), (2262, '####'), (220, ' '), (198, '\n'), (2262, '####'), (220, ' '), (198, '\n'), (2262, '####'), (220, ' '), (198, '\n'), (2262, '####'), (220, ' '), (198, '\n'), (2262, '####'), (220, ' ')]

================================================================================
Q8: Carla is downloading a 200 GB file. Normally she can download 2 GB/minute, but 40% of the way through the download, Wind
Gold: 160
================================================================================

  --- Baseline ✗ (pred=120) ---
  1. Calculate the amount of data downloaded before the restart:
   - Carla downloads 40% of the 200 GB file.
   - 40% of 200 GB = 0.4 * 200 GB = 80 GB.

2. Calculate the time taken to download the first 80 GB:
   - Carla downloads at a rate of 2 GB per minute.
   - Time = Data / Rate = 80 GB / 2 GB/minute = 40 minutes.

3. Calculate the time taken to download the remaining 120 GB:
   - Remaining data = 200 GB - 80 GB = 120 GB.
   - Time = Data / Rate = 120 GB / 2 GB/minute = 60 minutes.

4. Add t
  Last tokens: [(2262, '####'), (198, '\n'), (678, 'The'), (3886, ' total'), (898, ' time'), (403, ' it'), (5087, ' takes'), (297, ' to'), (4932, ' download'), (268, ' the'), (2296, ' file'), (341, ' is'), (220, ' '), (16, '1'), (17, '2'), (15, '0'), (4362, ' minutes'), (13, '.'), (126348, '<|eot_id|>'), (126081, '<|endoftext|>')]

  --- Router ✗ (pred=80) ---
  1. First, calculate the portion of the download that needs to be completed after the restart. Since 40% of the file has been downloaded before the restart, 60% of the file remains to be downloaded.
2. Calculate the size of the remaining portion of the file. 60% of 200 GB is 0.6 * 200 = 120 GB.
3. Determine the download rate after the restart. Normally, Carla can download 2 GB per minute.
4. Calculate the time required to download the remaining 120 GB at a rate of 2 GB per minute. Time = Size / R
  Last tokens: [(403, ' it'), (5087, ' takes'), (297, ' to'), (4932, ' download'), (268, ' the'), (2296, ' file'), (341, ' is'), (795, ' \\'), (32289, 'boxed'), (90, '{'), (23, '8'), (15, '0'), (795, ' \\'), (2335, 'text'), (90, '{'), (4362, ' minutes'), (121920, '}}.'), (2262, '####'), (198, '\n'), (126081, '<|endoftext|>')]

================================================================================
Q9: John drives for 3 hours at a speed of 60 mph and then turns around because he realizes he forgot something very importan
Gold: 45
================================================================================

  --- Baseline ✗ (pred=4) ---
  1. Calculate the distance John drives in the first 3 hours at 60 mph:
   - Distance = Speed × Time
   - Distance = 60 mph × 3 hours = 180 miles

2. Calculate the distance John drives in the next half-hour at 30 mph:
   - Distance = Speed × Time
   - Distance = 30 mph × 0.5 hours = 15 miles

3. Calculate the distance John drives in the remaining 2 hours at 80 mph:
   - Distance = Speed × Time
   - Distance = 80 mph × 2 hours = 160 miles

4. Add the distances from each segment to find the total di
  Last tokens: [(13, '.'), (126348, '<|eot_id|>'), (126081, '<|endoftext|>'), (126081, '<|endoftext|>'), (126081, '<|endoftext|>'), (126081, '<|endoftext|>'), (126081, '<|endoftext|>'), (126081, '<|endoftext|>'), (126081, '<|endoftext|>'), (126081, '<|endoftext|>'), (126081, '<|endoftext|>'), (126081, '<|endoftext|>'), (126081, '<|endoftext|>'), (126081, '<|endoftext|>'), (126081, '<|endoftext|>'), (126081, '<|endoftext|>'), (126081, '<|endoftext|>'), (126081, '<|endoftext|>'), (126081, '<|endoftext|>'), (126081, '<|endoftext|>')]

  --- Router ✗ (pred=85) ---
  1. John drives for 3 hours at a speed of 60 mph.
   - Distance = Speed × Time = 60 mph × 3 hours = 180 miles

2. He turns around and tries to get home in 4 hours.
   - He spends the first 2 hours in standstill traffic, so he doesn't cover any distance during this time.
   - He spends the next half-hour driving at a speed of 30 mph.
     - Distance = Speed × Time = 30 mph × 0.5 hours = 15 miles
   - He drives the remaining 1 hour at a speed of 80 mph.
     - Distance = Speed × Time = 80 mph × 1 h
  Last tokens: [(373, ' ='), (220, ' '), (16, '1'), (23, '8'), (15, '0'), (8648, ' miles'), (537, ' -'), (220, ' '), (24, '9'), (20, '5'), (8648, ' miles'), (373, ' ='), (220, ' '), (23, '8'), (20, '5'), (8648, ' miles'), (198, '\n'), (198, '\n'), (2262, '####'), (220, ' ')]

================================================================================
Q10: Eliza's rate per hour for the first 40 hours she works each week is $10. She also receives an overtime pay of 1.2 times 
Gold: 460
================================================================================

  --- Baseline ✓ (pred=460) ---
  To calculate Eliza's earnings for the week, we need to break down her earnings into two parts: her regular pay and her overtime pay.

1. **Regular Pay:**
   - Eliza works the first 40 hours at a rate of $10 per hour.
   - Regular pay = 40 hours * $10/hour = $400.

2. **Overtime Pay:**
   - Eliza works 45 hours in total.
   - Overtime hours = 45 hours - 40 hours = 5 hours.
   - Overtime rate is 1.2 times her regular hourly rate.
   - Overtime rate = 1.2 * $10/hour = $12/hour.
   - Overtime pay = 
  Last tokens: [(126081, '<|endoftext|>'), (126081, '<|endoftext|>'), (126081, '<|endoftext|>'), (126081, '<|endoftext|>'), (126081, '<|endoftext|>'), (126081, '<|endoftext|>'), (126081, '<|endoftext|>'), (126081, '<|endoftext|>'), (126081, '<|endoftext|>'), (126081, '<|endoftext|>'), (126081, '<|endoftext|>'), (126081, '<|endoftext|>'), (126081, '<|endoftext|>'), (126081, '<|endoftext|>'), (126081, '<|endoftext|>'), (126081, '<|endoftext|>'), (126081, '<|endoftext|>'), (126081, '<|endoftext|>'), (126081, '<|endoftext|>'), (126081, '<|endoftext|>')]

  --- Router ✓ (pred=460) ---
  1. Calculate Eliza's earnings for the first 40 hours:
   - Her regular hourly rate is $10.
   - She worked 40 hours at this rate.
   - Earnings for the first 40 hours = $10/hour * 40 hours = $400.

2. Calculate Eliza's earnings for the overtime hours:
   - Her overtime pay rate is 1.2 times her regular hourly rate.
   - Overtime pay rate = 1.2 * $10/hour = $12/hour.
   - She worked 45 hours in total, so she worked 45 hours - 40 hours = 5 hours of overtime.
   - Earnings for overtime hours = $12/
  Last tokens: [(20451, ' earnings'), (352, ' for'), (501, ' this'), (2478, ' week'), (449, ' are'), (558, ' $'), (19, '4'), (21, '6'), (15, '0'), (13, '.'), (198, '\n'), (198, '\n'), (2262, '####'), (220, ' '), (198, '\n'), (19, '4'), (21, '6'), (15, '0'), (71307, ' ####'), (126081, '<|endoftext|>')]

================================================================================
Q11: A new program had 60 downloads in the first month. The number of downloads in the second month was three times as many a
Gold: 366
================================================================================

  --- Baseline ✓ (pred=366) ---
  To find the total number of downloads over the three months, we need to calculate the number of downloads for each month and then sum them up.

1. **First Month:**
   - Downloads: 60

2. **Second Month:**
   - Downloads: Three times the number of downloads in the first month
   - Downloads: \( 3 \times 60 = 180 \)

3. **Third Month:**
   - Downloads: Reduced by 30% from the second month
   - Downloads: \( 180 - (0.30 \times 180) = 180 - 54 = 126 \)

Now, we sum the downloads for all three months
  Last tokens: [(198, '\n'), (198, '\n'), (22884, 'Therefore'), (11, ','), (268, ' the'), (2056, ' program'), (1028, ' had'), (220, ' '), (18, '3'), (21, '6'), (21, '6'), (3886, ' total'), (35243, ' downloads'), (997, ' over'), (268, ' the'), (2274, ' three'), (3710, ' months'), (13, '.'), (126348, '<|eot_id|>'), (126081, '<|endoftext|>')]

  --- Router ✓ (pred=366) ---
  Let's break down the problem step by step.

1. **First Month Downloads:**
   - The program had 60 downloads in the first month.

2. **Second Month Downloads:**
   - The number of downloads in the second month was three times as many as the downloads in the first month.
   - Therefore, the number of downloads in the second month is \( 3 \times 60 = 180 \).

3. **Third Month Downloads:**
   - The number of downloads in the third month reduced by 30% compared to the second month.
   - To find the n
  Last tokens: [(15, '0'), (781, ' +'), (220, ' '), (16, '1'), (23, '8'), (15, '0'), (781, ' +'), (220, ' '), (16, '1'), (17, '2'), (21, '6'), (373, ' ='), (220, ' '), (18, '3'), (21, '6'), (21, '6'), (795, ' \\'), (931, ').'), (198, '\n'), (2262, '####')]

================================================================================
Q12: Toula went to the bakery and bought various types of pastries. She bought 3 dozen donuts which cost $68 per dozen, 2 doz
Gold: 694
================================================================================

  --- Baseline ✓ (pred=694) ---
  To find the total cost of the pastries Toula bought, we need to calculate the cost of each type of pastry separately and then sum them up.

1. **Cost of donuts:**
   - Toula bought 3 dozen donuts.
   - Cost per dozen is $68.
   - Total cost for donuts = 3 dozen * $68/dozen = $204.

2. **Cost of mini cupcakes:**
   - Toula bought 2 dozen mini cupcakes.
   - Cost per dozen is $80.
   - Total cost for mini cupcakes = 2 dozen * $80/dozen = $160.

3. **Cost of mini cheesecakes:**
   - Toula bought 6 
  Last tokens: [(558, ' $'), (18, '3'), (18, '3'), (15, '0'), (373, ' ='), (558, ' $'), (21, '6'), (24, '9'), (19, '4'), (13, '.'), (198, '\n'), (198, '\n'), (2262, '####'), (25, ':'), (558, ' $'), (21, '6'), (24, '9'), (19, '4'), (126348, '<|eot_id|>'), (126081, '<|endoftext|>')]

  --- Router ✗ (pred=694.) ---
  To find the total cost of the pastries Toula bought, we need to calculate the cost of each type of pastry separately and then sum them up.

1. **Cost of donuts:**
   - Toula bought 3 dozen donuts.
   - Cost per dozen: $68
   - Total cost for donuts: \( 3 \times 68 = 204 \) dollars

2. **Cost of mini cupcakes:**
   - Toula bought 2 dozen mini cupcakes.
   - Cost per dozen: $80
   - Total cost for mini cupcakes: \( 2 \times 80 = 160 \) dollars

3. **Cost of mini cheesecakes:**
   - Toula bought 6 
  Last tokens: [(795, ' \\'), (60, ']'), (198, '\n'), (198, '\n'), (4086, 'So'), (11, ','), (268, ' the'), (3886, ' total'), (2651, ' cost'), (300, ' of'), (268, ' the'), (104479, ' pastries'), (341, ' is'), (558, ' $'), (21, '6'), (24, '9'), (19, '4'), (13, '.'), (198, '\n'), (2262, '####')]

================================================================================
Q13: Carlos is planting a lemon tree. The tree will cost $90 to plant. Each year it will grow 7 lemons, which he can sell for
Gold: 13
================================================================================

  --- Baseline ✗ (pred=12) ---
  To determine how many years it will take for Carlos to start earning money on the lemon tree, we need to compare the initial cost of the tree to the annual revenue from selling lemons minus the annual cost of watering and feeding the tree.

1. **Calculate the annual revenue from selling lemons:**
   - Each year, 7 lemons are produced.
   - Each lemon is sold for $1.5.
   - Annual revenue = 7 lemons * $1.5{lemmon = $10.5.

2. **Calculate the net annual profit:**
   - Annual cost of watering and f
  Last tokens: [(11, ','), (403, ' it'), (627, ' will'), (1801, ' take'), (42287, ' Carlos'), (220, ' '), (16, '1'), (17, '2'), (1594, ' years'), (297, ' to'), (1489, ' start'), (27644, ' earning'), (3141, ' money'), (366, ' on'), (268, ' the'), (23682, ' lemon'), (6919, ' tree'), (13, '.'), (126348, '<|eot_id|>'), (126081, '<|endoftext|>')]

  --- Router ✗ (pred=12) ---
  1. Calculate the annual revenue from selling lemons.
2. Calculate the annual cost of watering and feeding the tree.
3. Determine the net annual profit by subtracting the feeding cost from the revenue.
4. Calculate the number of years needed to cover the initial planting cost.

1. Annual revenue from selling lemons: 7 lemons * $1.5/lemon = $10.50.
2. Annual cost of watering and feeding the tree: $3.
3. Net annual profit: $10.50 - $3 = $7.50.
4. Number of years needed to cover the initial planting
  Last tokens: [(2262, '####'), (220, ' '), (16, '1'), (17, '2'), (198, '\n'), (2262, '####'), (220, ' '), (198, '\n'), (2262, '####'), (220, ' '), (16, '1'), (17, '2'), (198, '\n'), (2262, '####'), (220, ' '), (198, '\n'), (2262, '####'), (220, ' '), (16, '1'), (17, '2')]

================================================================================
Q14: Melanie is a door-to-door saleswoman. She sold a third of her vacuum cleaners at the green house, 2 more to the red hous
Gold: 18
================================================================================

  --- Baseline ✓ (pred=18) ---
  Let \( x \) be the number of vacuum cleaners Melanie started with.

1. She sold a third of her vacuum cleaners at the green house, so she sold \( \frac{x}{3} \) vacuum cleaners.
2. She sold 2 more to the red house, so she sold \( \frac{x}{3} + 2 \) vacuum cleaners.
3. She sold half of what was left at the orange house, so she sold \( \frac{1}{2} \left( x - \frac{x}{3} - 2 \right) = \frac{1}{2} \left( \frac{2x}{3} - 2 \right) = \frac{x}{3} - 1 \) vacuum cleaners.

After these sales, she has 5 vac
  Last tokens: [(16, '1'), (23, '8'), (795, ' \\'), (60, ']'), (198, '\n'), (198, '\n'), (22884, 'Therefore'), (11, ','), (84458, ' Melanie'), (4057, ' started'), (391, ' with'), (220, ' '), (16, '1'), (23, '8'), (21822, ' vacuum'), (57607, ' cleaners'), (13, '.'), (71307, ' ####'), (126348, '<|eot_id|>'), (126081, '<|endoftext|>')]

  --- Router ✓ (pred=18) ---
  Let's denote the total number of vacuum cleaners Melanie started with as \( x \).

1. She sold a third of her vacuum cleaners at the green house, so she sold \( \frac{x}{3} \) vacuum cleaners.
2. She sold 2 more to the red house, so she sold \( \frac{x}{3} + 2 \) vacuum cleaners.
3. She sold half of what was left at the orange house, so she sold \( \frac{1}{2} \left( x - \frac{x}{3} - 2 \right) = \frac{1}{2} \left( \frac{2x}{3} - 2 \right) = \frac{x}{3} - 1 \) vacuum cleaners.
4. She has 5 vacuu
  Last tokens: [(198, '\n'), (198, '\n'), (22884, 'Therefore'), (11, ','), (84458, ' Melanie'), (4057, ' started'), (391, ' with'), (24946, ' \\('), (795, ' \\'), (32289, 'boxed'), (90, '{'), (16, '1'), (23, '8'), (92, '}'), (70685, ' \\)'), (21822, ' vacuum'), (57607, ' cleaners'), (13, '.'), (198, '\n'), (2262, '####')]

================================================================================
Q15: In a dance class of 20 students, 20% enrolled in contemporary dance, 25% of the remaining enrolled in jazz dance, and th
Gold: 60
================================================================================

  --- Baseline ✓ (pred=60) ---
  1. Calculate the number of students enrolled in contemporary dance:
   \[
   20\% \text{ of } 20 = 0.20 \times 20 = 4
   \]

2. Calculate the number of students remaining after contemporary dance:
   \[
   20 - 4 = 16
   \]

3. Calculate the number of students enrolled in jazz dance:
   \[
   25\% \text{ of } 16 = 0.25 \times 16 = 4
   \]

4. Calculate the number of students enrolled in hip-hop dance:
   \[
   20 - 4 - 4 = 12
   \]

5. Calculate the percentage of the entire students enrolled in 
  Last tokens: [(13585, ' dance'), (13, '.'), (126348, '<|eot_id|>'), (126081, '<|endoftext|>'), (126081, '<|endoftext|>'), (126081, '<|endoftext|>'), (126081, '<|endoftext|>'), (126081, '<|endoftext|>'), (126081, '<|endoftext|>'), (126081, '<|endoftext|>'), (126081, '<|endoftext|>'), (126081, '<|endoftext|>'), (126081, '<|endoftext|>'), (126081, '<|endoftext|>'), (126081, '<|endoftext|>'), (126081, '<|endoftext|>'), (126081, '<|endoftext|>'), (126081, '<|endoftext|>'), (126081, '<|endoftext|>'), (126081, '<|endoftext|>')]

  --- Router ✓ (pred=60) ---
  1. Calculate the number of students enrolled in contemporary dance: 20% of 20 = 0.20 * 20 = 4 students.
2. Calculate the number of students remaining after contemporary dance: 20 - 4 = 16 students.
3. Calculate the number of students enrolled in jazz dance: 25% of 16 = 0.25 * 16 = 4 students.
4. Calculate the number of students enrolled in hip-hop dance: 20 - 4 - 4 = 12 students.
5. Calculate the percentage of the entire students enrolled in hip-hop dance: (12 / 20) * 100 = 60%

#### 60% of the 
  Last tokens: [(2262, '####'), (220, ' '), (21, '6'), (15, '0'), (198, '\n'), (2262, '####'), (220, ' '), (21, '6'), (15, '0'), (198, '\n'), (2262, '####'), (220, ' '), (21, '6'), (15, '0'), (198, '\n'), (2262, '####'), (220, ' '), (21, '6'), (15, '0'), (2262, '####')]

================================================================================
Summary: Baseline 10/15 | Router 9/15
