=========================================
JOB 1946776 on gh010.hsn.cm.delta.internal.ncsa.edu
NVIDIA GH200 120GB, 97871 MiB, 570.172.08
PyTorch 2.5.1
Transformers 4.36.2
CUDA 12.4
GPU: NVIDIA GH200 120GB
BF16 supported? True
=========================================
Loading tokenizer and base model...
Router loaded from amip_router_best.pt

Alpha schedule: alpha = 0.05 + 0.0 * p_mask
  p=0.15 -> alpha=0.0500
  p=0.50 -> alpha=0.0500
  p=0.95 -> alpha=0.0500

============================================================
EVAL 1: Single-Step Mask Prediction Accuracy (p_mask=0.15)
  alpha = 0.0500
============================================================
  Baseline: 0.7909
  Router:   0.8188
  Δ Acc:    +0.0279

============================================================
EVAL 2: Accuracy & Confidence by Mask Ratio
============================================================
  p=0.15 α=0.050 | Acc  Base:0.7372 Router:0.7449 Δ:+0.0077 | Conf Base:0.6561 Router:0.6721 Δ:+0.0160
  p=0.30 α=0.050 | Acc  Base:0.6633 Router:0.6787 Δ:+0.0154 | Conf Base:0.5723 Router:0.5905 Δ:+0.0182
  p=0.50 α=0.050 | Acc  Base:0.4983 Router:0.5177 Δ:+0.0194 | Conf Base:0.3979 Router:0.4183 Δ:+0.0204
  p=0.70 α=0.050 | Acc  Base:0.3029 Router:0.3257 Δ:+0.0228 | Conf Base:0.2032 Router:0.2217 Δ:+0.0185
  p=0.85 α=0.050 | Acc  Base:0.1278 Router:0.1581 Δ:+0.0302 | Conf Base:0.0704 Router:0.0829 Δ:+0.0125
  p=0.95 α=0.050 | Acc  Base:0.0401 Router:0.0580 Δ:+0.0178 | Conf Base:0.0193 Router:0.0241 Δ:+0.0048

============================================================
EVAL 3: Logical Reasoning (temps=[0.0, 0.15, 0.3])
============================================================

  --- Temperature: 0.0 ---
  Category        | Expected   | Baseline                       | Router                        
  ------------------------------------------------------------------------------------------
  Triple Swap     | banana     | ✗ cherry.                      | ✓ banana, bob has the cherry, 
  Distractor      | copper     | ✓ copper coin.                 | ✓ copper coin and the blue bag
  Relational      | building   | ✓ building.                    | ✓ building.

what is the short
  State Swap      | ball       | ✓ ball.                        | ✓ ball and the box has the key
  Score: Baseline 3/4 | Router 4/4

  --- Temperature: 0.15 ---
  Category        | Expected   | Baseline                       | Router                        
  ------------------------------------------------------------------------------------------
  Triple Swap     | banana     | ✗ cherry.                      | ✓ banana, bob has the cherry, 
  Distractor      | copper     | ✓ copper coin.                 | ✓ copper coin and the blue bag
  Relational      | building   | ✓ building.                    | ✓ building.

what is the short
  State Swap      | ball       | ✓ ball.                        | ✓ ball and the box has the key
  Score: Baseline 3/4 | Router 4/4

  --- Temperature: 0.3 ---
  Category        | Expected   | Baseline                       | Router                        
  ------------------------------------------------------------------------------------------
  Triple Swap     | banana     | ✗ cherry.                      | ✓ banana, bob has the cherry, 
  Distractor      | copper     | ✓ copper coin.                 | ✓ copper coin and the blue bag
  Relational      | building   | ✓ building.                    | ✓ building.

what is the short
  State Swap      | ball       | ✓ ball.                        | ✓ ball and the box has the key
  Score: Baseline 3/4 | Router 4/4

============================================================
EVAL 4: Generation Diversity (temps=[0.0, 0.15, 0.3], samples=5)
============================================================

  --- Temperature: 0.0 ---
    [Baseline #1]: Once upon a time, there was a cat named Whiskers who loved to explore the librar...
    [Baseline #2]: Once upon a time, there was a cat named Whiskers who loved to explore the librar...
    [Baseline #3]: Once upon a time, there was a cat named Whiskers who loved to explore the librar...
    [Baseline #4]: Once upon a time, there was a cat named Whiskers who loved to explore the librar...
    [Baseline #5]: Once upon a time, there was a cat named Whiskers who loved to explore the librar...
    [Baseline] Unique: 0.1724 | Jaccard: 1.0000
    [Router #1]: Once upon a time, there was a cat named Whiskers who loved to explore the librar...
    [Router #2]: Once upon a time, there was a cat named Whiskers who loved to explore the librar...
    [Router #3]: Once upon a time, there was a cat named Whiskers who loved to explore the librar...
    [Router #4]: Once upon a time, there was a cat named Whiskers who loved to explore the librar...
    [Router #5]: Once upon a time, there was a cat named Whiskers who loved to explore the librar...
    [Router] Unique: 0.1490 | Jaccard: 1.0000

  --- Temperature: 0.15 ---
    [Baseline #1]: Once upon a time, there was a cat named Whiskers who loved to explore the librar...
    [Baseline #2]: Once upon a time, there was a cat named Whiskers who loved to explore the world....
    [Baseline #3]: One day, a curious cat named Whiskers stumbled upon a magical portal in the libr...
    [Baseline #4]: Once upon a time, there was a cat named Whiskers who loved to explore the librar...
    [Baseline #5]: Once upon a time, there was a cat named Whiskers who loved to explore the world....
    [Baseline] Unique: 0.2746 | Jaccard: 0.6117
    [Router #1]: Once upon a time, there was a cat named Whiskers who loved to explore the librar...
    [Router #2]: Once upon a time, there was a cat named Whiskers who loved to explore the world....
    [Router #3]: Once upon a time, there was a cat named Whiskers who loved to explore the librar...
    [Router #4]: Once upon a time, there was a cat named Whiskers who loved to explore the librar...
    [Router #5]: Once upon a time, there was a cat named Whiskers who loved to explore the world....
    [Router] Unique: 0.2763 | Jaccard: 0.5400

  --- Temperature: 0.3 ---
    [Baseline #1]: One day, a curious cat named Whiskers stumbled upon a magical portal in the libr...
    [Baseline #2]: Once upon a time, there was a cat named Whiskers who loved to explore the world....
    [Baseline #3]: One day, a curious cat named Whiskers stumbled upon a magical portal in the libr...
    [Baseline #4]: One day, a curious cat named Whiskers stumbled upon a magical portal in the libr...
    [Baseline #5]: Once upon a time, there was a cat named Whiskers who loved to explore the world....
    [Baseline] Unique: 0.2941 | Jaccard: 0.5469
    [Router #1]: Once upon a time, there was a cat named Whiskers who loved to explore the librar...
    [Router #2]: Once upon a time, there was a cat named Whiskers who loved to explore the world....
    [Router #3]: A cat named Whiskers was exploring an old library when he stumbled upon a magica...
    [Router #4]: Once upon a time, there was a cat named Whiskers who loved to explore the librar...
    [Router #5]: Once upon a time, there was a cat named Whiskers who loved to explore the world....
    [Router] Unique: 0.2863 | Jaccard: 0.4845

  Stories saved to generated_stories.txt

============================================================
EVAL 5: Entropy Across Denoising Steps
============================================================
  Sample 1/3
  Sample 2/3
  Sample 3/3
  Mean Base Entropy:   4.7305
  Mean Router Entropy: 4.6611
  Entropy plot saved to entropy_curve.png

============================================================
EVAL 6: Distribution Flatness
============================================================
  [Baseline] Entropy: 0.0015 | Normalized: 0.0006
    P(1) = 0.0000
    P(2) = 0.0000
    P(3) = 0.0000
    P(4) = 0.0000
    P(5) = 0.0000
    P(6) = 0.0000
    P(7) = 0.0000
    P(8) = 0.0000
    P(9) = 0.0000
    P(10) = 0.0000
  [Router] Entropy: 0.0022 | Normalized: 0.0009
    P(1) = 0.0000
    P(2) = 0.0000
    P(3) = 0.0000
    P(4) = 0.0000
    P(5) = 0.0000
    P(6) = 0.0000
    P(7) = 0.0000
    P(8) = 0.0000
    P(9) = 0.0000
    P(10) = 0.0000
  Flatness plot saved to flatness.png

============================================================
EVAL 7: GSM8K End-to-End Accuracy (n=100)
============================================================
  [Baseline] Q1 ✓ | Gold: 18 | Pred: 18
    Response: To determine how much money Janet makes every day at the farmers' market, we need to follow these steps:

1. Calculate the total number of eggs laid b...
  [Router] Q1 ✓ | Gold: 18 | Pred: 18
    Response: To determine how much money Janet makes every day at the farmers' market, we need to follow these steps:

1. Calculate the total number of eggs laid b...
  [Baseline] Q2 ✓ | Gold: 3 | Pred: 3
    Response: To determine the total number of bolts required for the robe, we need to add the bolts of blue fiber and the bolts of white fiber.

1. The robe takes ...
  [Router] Q2 ✓ | Gold: 3 | Pred: 3
    Response: To determine the total number of bolts required for the robe, we need to add the bolts of blue fiber and the bolts of white fiber.

1. The robe takes ...
  [Baseline] Q3 ✗ | Gold: 70000 | Pred: 40000
  [Router] Q3 ✗ | Gold: 70000 | Pred: 245000
  [Baseline] Q4 ✓ | Gold: 540 | Pred: 540
  [Router] Q4 ✓ | Gold: 540 | Pred: 540
  [Baseline] Q5 ✓ | Gold: 20 | Pred: 20
  [Router] Q5 ✓ | Gold: 20 | Pred: 20
  Progress 10/100 | Baseline: 0.7000
  Progress 10/100 | Router: 0.7000
  Progress 20/100 | Baseline: 0.7500
  Progress 20/100 | Router: 0.7500
  Progress 30/100 | Baseline: 0.6333
  Progress 30/100 | Router: 0.7000
  Progress 40/100 | Baseline: 0.6750
  Progress 40/100 | Router: 0.7750
  Progress 50/100 | Baseline: 0.7000
  Progress 50/100 | Router: 0.8000
  Progress 60/100 | Baseline: 0.7167
  Progress 60/100 | Router: 0.8000
  Progress 70/100 | Baseline: 0.7286
  Progress 70/100 | Router: 0.8000
  Progress 80/100 | Baseline: 0.7250
  Progress 80/100 | Router: 0.7750
  Progress 90/100 | Baseline: 0.7333
  Progress 90/100 | Router: 0.7889
  Progress 100/100 | Baseline: 0.7500
  Progress 100/100 | Router: 0.8100

  Baseline GSM8K Accuracy: 0.7500 (75/100)

  Router GSM8K Accuracy: 0.8100 (81/100)

============================================================
EVAL 8: MATH End-to-End Accuracy (n=50)
============================================================
  [Baseline] Q1 ✓ | Gold: 2 | Pred: 2
    Response: To determine the number of vertical asymptotes of the function \( y = \frac{2}{x^2 + x - 6} \), we need to identify the values of \( x \) that make th...
  [Router] Q1 ✓ | Gold: 2 | Pred: 2
    Response: To find the vertical asymptotes of the function \( y = \frac{2}{x^2 + x - 6} \), we need to determine the values of \( x \) that make the denominator ...
  [Baseline] Q2 ✓ | Gold: 10 | Pred: 10
    Response: To find the positive difference between $120\%$ of 30 and $130\%$ of 20, we will follow these steps:

1. Calculate $120\%$ of 30.
2. Calculate $130\%$...
  [Router] Q2 ✓ | Gold: 10 | Pred: 10
    Response: To find the positive difference between $120\%$ of 30 and $130\%$ of 20, we will follow these steps:

1. Calculate $120\%$ of 30.
2. Calculate $130\%$...
  [Baseline] Q3 ✗ | Gold: \dfrac{9}{7} | Pred: \dfrac{2}{7}
  [Router] Q3 ✗ | Gold: \dfrac{9}{7} | Pred: \dfrac{14}{7}
  Progress 10/50 | Baseline: 0.6000
  Progress 10/50 | Router: 0.5000
  Progress 20/50 | Baseline: 0.6500
  Progress 20/50 | Router: 0.5500
  Progress 30/50 | Baseline: 0.5333
  Progress 30/50 | Router: 0.5000
  Progress 40/50 | Baseline: 0.4750
  Progress 40/50 | Router: 0.5000
  Progress 50/50 | Baseline: 0.4600
  Progress 50/50 | Router: 0.5000

  Baseline MATH Accuracy: 0.4600 (23/50)

  Router MATH Accuracy: 0.5000 (25/50)
  Sweep summary plot saved to sweep_summary.png

================================================================================
COMPLETE EVALUATION SUMMARY
  Alpha schedule: 0.05 + 0.0 * p_mask
================================================================================

  1. Mask Prediction Accuracy (single-step, p=0.15)
     Baseline: 0.7909  |  Router: 0.8188  |  Δ: +0.0279

  2. Mask Accuracy by Ratio
     p_mask   | α      | Base Acc   | Router Acc   | Δ Acc      | Δ Conf    
     --------------------------------------------------------------
     0.15     | 0.050  | 0.7372     | 0.7449       | +0.0077    | +0.0160   
     0.30     | 0.050  | 0.6633     | 0.6787       | +0.0154    | +0.0182   
     0.50     | 0.050  | 0.4983     | 0.5177       | +0.0194    | +0.0204   
     0.70     | 0.050  | 0.3029     | 0.3257       | +0.0228    | +0.0185   
     0.85     | 0.050  | 0.1278     | 0.1581       | +0.0302    | +0.0125   
     0.95     | 0.050  | 0.0401     | 0.0580       | +0.0178    | +0.0048   

  3. Logical Reasoning Accuracy
     Temp     | Baseline   | Router     | Δ         
     ------------------------------------------
     0.0      | 0.7500     | 1.0000     | +0.2500   
     0.15     | 0.7500     | 1.0000     | +0.2500   
     0.3      | 0.7500     | 1.0000     | +0.2500   

  4. Diversity (Jaccard Similarity — lower is more diverse)
     Temp     | Base Jaccard   | Router Jaccard   | Base Unique    | Router Unique 
     ----------------------------------------------------------------------
     0.0      | 1.0000         | 1.0000           | 0.1724         | 0.1490        
     0.15     | 0.6117         | 0.5400           | 0.2746         | 0.2763        
     0.3      | 0.5469         | 0.4845           | 0.2941         | 0.2863        

  5. Entropy Across Denoising Steps
     Mean Base: 4.7305  |  Mean Router: 4.6611  |  Δ: -0.0694

  6. Distribution Flatness (normalized entropy, 1.0 = uniform)
     Baseline: 0.0006  |  Router: 0.0009

  7. GSM8K End-to-End Accuracy
     Baseline: 0.7500 (75/100)
     Router:   0.8100 (81/100)

  8. MATH End-to-End Accuracy
     Baseline: 0.4600 (23/50)
     Router:   0.5000 (25/50)

================================================================================
Results saved to eval_results.json
Plots saved: entropy_curve.png, flatness.png, sweep_summary.png
Stories saved: generated_stories.txt
