Running "module reset". Resetting modules to system default. The following $MODULEPATH directories have been removed: /opt/cray/pe/lmod/modulefiles/mpi/gnu/12.0/ofi/1.0/cray-mpich/8.0 /opt/cray/pe/lmod/modulefiles/mix_compilers /opt/cray/pe/lmod/modulefiles/compiler/gnu/12.0 /opt/cray/pe/lmod/modulefiles/perftools/25.09.0
Lmod has detected the following error: The following module(s) are unknown:
"libfabric/2.3.1"

Please check the spelling or version number. Also try "module spider ..."
It is also possible your cache file is out-of-date; it may help to try:
  $ module --ignore_cache load "libfabric/2.3.1"

Also make sure that all modulefiles written in TCL start with the string
#%Module

Executing this command requires loading "libfabric/2.3.1" which failed while
processing the following module(s):

    Module fullname                 Module Filename
    ---------------                 ---------------
    nccl-ofi-plugin/1.18.0-cuda129  /sw/user/modules/nccl-ofi-plugin/1.18.0-cuda129.lua
    default-update                  /sw/user/modules/default-update.lua



Lmod is automatically replacing "gcc-native/14" with "gcc/14.2.0".


Lmod is automatically replacing "gcc/14.2.0" with "gcc-native/13.2".

Lmod Warning:
-------------------------------------------------------------------------------
The following dependent module(s) are not currently loaded: libfabric/2.3.1
(required by: nccl-ofi-plugin/1.18.0-cuda129)
-------------------------------------------------------------------------------




The following have been reloaded with a version change:
  1) PrgEnv-gnu/8.6.0 => PrgEnv-gnu/8.5.0
  2) cray-dsmml/0.3.1 => cray-dsmml/0.3.0
  3) cray-libsci/25.09.0 => cray-libsci/24.07.0
  4) cray-mpich/9.0.1 => cray-mpich/8.1.30
  5) craype/2.7.35 => craype/2.7.32
  6) cudatoolkit/25.5_12.9 => cudatoolkit/24.3_12.3
  7) gcc-native/14 => gcc-native/13.2
  8) libfabric/2.3.1 => libfabric/1.20.1
  9) perftools-base/25.09.0 => perftools-base/24.07.0
 10) xpmem/1.0.1-1.4_gf67ddfb318d4 => xpmem/2.9.6-1.1_20240511212657__g087dc11fc19d

AWS OFI NCCL Plugin v1.6.0 loaded for CUDA 12.6.1
This provides network transport ONLY - NCCL library from PyTorch
Configured for Slingshot11/CXI interconnect
CUDA 12.6.1 loaded with compatible AWS OFI NCCL plugin v1.6.0
Plugin provides network transport - NCCL library from PyTorch
Use with python/miniforge3_pytorch/2.7.0 or equivalent for best compatibility

The following have been reloaded with a version change:
  1) gcc-native/13.2 => gcc-native/12.3
  2) nccl-ofi-plugin/1.18.0-cuda129 => nccl-ofi-plugin/1.6.0-cuda126

gpu-bind: usable_gres=0x1; bit_alloc=0x4; local_inx=1; global_list=2; local_list=0
/u/iyu1/.conda/envs/nim-env/lib/python3.10/site-packages/transformers/utils/generic.py:441: FutureWarning: `torch.utils._pytree._register_pytree_node` is deprecated. Please use `torch.utils._pytree.register_pytree_node` instead.
  _torch_pytree._register_pytree_node(
/u/iyu1/.conda/envs/nim-env/lib/python3.10/site-packages/huggingface_hub/file_download.py:943: FutureWarning: `resume_download` is deprecated and will be removed in version 1.0.0. Downloads always resume when possible. If you want to force a new download, use `force_download=True`.
  warnings.warn(
Special tokens have been added in the vocabulary, make sure the associated word embeddings are fine-tuned or trained.
/u/iyu1/.conda/envs/nim-env/lib/python3.10/site-packages/transformers/utils/generic.py:309: FutureWarning: `torch.utils._pytree._register_pytree_node` is deprecated. Please use `torch.utils._pytree.register_pytree_node` instead.
  _torch_pytree._register_pytree_node(
/u/iyu1/.conda/envs/nim-env/lib/python3.10/site-packages/transformers/utils/generic.py:309: FutureWarning: `torch.utils._pytree._register_pytree_node` is deprecated. Please use `torch.utils._pytree.register_pytree_node` instead.
  _torch_pytree._register_pytree_node(
The model weights are not tied. Please use the `tie_weights` method before using the `infer_auto_device` function.
Loading checkpoint shards:   0%|          | 0/6 [00:00<?, ?it/s]Loading checkpoint shards:  17%|█▋        | 1/6 [00:02<00:14,  3.00s/it]Loading checkpoint shards:  33%|███▎      | 2/6 [00:07<00:14,  3.59s/it]Loading checkpoint shards:  50%|█████     | 3/6 [00:14<00:16,  5.41s/it]Loading checkpoint shards:  67%|██████▋   | 4/6 [00:20<00:11,  5.60s/it]Loading checkpoint shards:  83%|████████▎ | 5/6 [00:21<00:04,  4.02s/it]Loading checkpoint shards: 100%|██████████| 6/6 [00:24<00:00,  3.69s/it]Loading checkpoint shards: 100%|██████████| 6/6 [00:24<00:00,  4.12s/it]
/u/iyu1/.conda/envs/nim-env/lib/python3.10/site-packages/huggingface_hub/file_download.py:943: FutureWarning: `resume_download` is deprecated and will be removed in version 1.0.0. Downloads always resume when possible. If you want to force a new download, use `force_download=True`.
  warnings.warn(
/u/iyu1/nim_game_project/llada/cos_experiment.py:339: FutureWarning: You are using `torch.load` with `weights_only=False` (the current default value), which uses the default pickle module implicitly. It is possible to construct malicious pickle data which will execute arbitrary code during unpickling (See https://github.com/pytorch/pytorch/blob/main/SECURITY.md#untrusted-models for more details). In a future release, the default value for `weights_only` will be flipped to `True`. This limits the functions that could be executed during unpickling. Arbitrary objects will no longer be allowed to be loaded via this mode unless they are explicitly allowlisted by the user via `torch.serialization.add_safe_globals`. We recommend you start setting `weights_only=True` for any use case where you don't have full control of the loaded file. Please open an issue on GitHub for any issues related to this experimental feature.
  torch.load(weights_path, map_location=device)

real	0m54.921s
user	0m0.000s
sys	0m0.024s
