=========================================
JOB 1937839 on gh086.hsn.cm.delta.internal.ncsa.edu
NVIDIA GH200 120GB, 97871 MiB, 550.163.01
PyTorch 2.5.1
CUDA 12.4
GPU: NVIDIA GH200 120GB
BF16: True
=========================================
Loading tokenizer and base model...
WARNING: No saved router found — using random weights.

============================================================
EXPERIMENT 1: Cosine Similarity vs Mask Ratio
============================================================
  p_mask   | Base CosSim    | Router CosSim  | Δ         
  ----------------------------------------------------
  0.15     | 0.3652         | 0.3652         | -0.0000   
  0.30     | 0.3662         | 0.3662         | -0.0000   
  0.50     | 0.4118         | 0.4118         | -0.0001   
  0.70     | 0.5151         | 0.5151         | -0.0000   
  0.85     | 0.6911         | 0.6910         | -0.0001   
  0.95     | 0.8374         | 0.8374         | -0.0001   

============================================================
EXPERIMENT 2: Cosine Similarity by Layer (p_mask=0.85)
============================================================
  Layer 0  (embedding): 1.0000
  Layer 16 (mid):       0.7548
  Layer -1 (final):     0.6559
  Router corrected:     0.6559  ← after ALA

  Plot saved: cosine_sim_by_mask_ratio.png
  Plot saved: cosine_sim_by_layer.png

============================================================
SUMMARY: Cosine Similarity Collapse
============================================================

  Mask Ratio | Base CosSim | Router CosSim | Δ
  ----------------------------------------------------
  0.15       | 0.3652      | 0.3652        | -0.0000
  0.30       | 0.3662      | 0.3662        | -0.0000
  0.50       | 0.4118      | 0.4118        | -0.0001
  0.70       | 0.5151      | 0.5151        | -0.0000
  0.85       | 0.6911      | 0.6910        | -0.0001
  0.95       | 0.8374      | 0.8374        | -0.0001

  Interpretation:
  • Values close to 1.0 = hidden states are nearly identical (collapsed)
  • Router values below base = ALA is successfully differentiating positions
  • Layer plot shows WHERE in the transformer collapse occurs

Done. Plots saved.
