Running "module reset". Resetting modules to system default. The following $MODULEPATH directories have been removed: /opt/cray/pe/lmod/modulefiles/mpi/gnu/12.0/ofi/1.0/cray-mpich/8.0 /opt/cray/pe/lmod/modulefiles/perftools/25.09.0
Lmod has detected the following error: The following module(s) are unknown:
"libfabric/2.3.1"

Please check the spelling or version number. Also try "module spider ..."
It is also possible your cache file is out-of-date; it may help to try:
  $ module --ignore_cache load "libfabric/2.3.1"

Also make sure that all modulefiles written in TCL start with the string
#%Module

Executing this command requires loading "libfabric/2.3.1" which failed while
processing the following module(s):

    Module fullname                 Module Filename
    ---------------                 ---------------
    nccl-ofi-plugin/1.18.0-cuda129  /sw/user/modules/nccl-ofi-plugin/1.18.0-cuda129.lua
    default-update                  /sw/user/modules/default-update.lua



Lmod is automatically replacing "gcc-native/13.2" with "gcc/14.2.0".

Lmod Warning:
-------------------------------------------------------------------------------
The following dependent module(s) are not currently loaded: libfabric/2.3.1
(required by: nccl-ofi-plugin/1.18.0-cuda129)
-------------------------------------------------------------------------------




The following have been reloaded with a version change:
  1) PrgEnv-gnu/8.6.0 => PrgEnv-gnu/8.5.0
  2) cray-dsmml/0.3.1 => cray-dsmml/0.3.0
  3) craype/2.7.35 => craype/2.7.32
  4) cudatoolkit/25.5_12.9 => cudatoolkit/24.3_12.3
  5) libfabric/2.3.1 => libfabric/1.20.1
  6) perftools-base/25.09.0 => perftools-base/24.07.0
  7) xpmem/1.0.1-1.4_gf67ddfb318d4 => xpmem/2.9.6-1.1_20240511212657__g087dc11fc19d

A conda environment has been detected CONDA_PREFIX= /u/iyu1/.conda/envs/nim-env 
miniconda3 is loaded. Consider running conda deactivate and reloading it.

Lmod is automatically replacing "gcc/14.2.0" with "gcc-native/12.3".

AWS OFI NCCL Plugin v1.6.0 loaded for CUDA 12.6.1
This provides network transport ONLY - NCCL library from PyTorch
Configured for Slingshot11/CXI interconnect
CUDA 12.6.1 loaded with compatible AWS OFI NCCL plugin v1.6.0
Plugin provides network transport - NCCL library from PyTorch
Use with python/miniforge3_pytorch/2.7.0 or equivalent for best compatibility

Activating Modules:
  1) cray-libsci/24.07.0     2) cray-mpich/8.1.30

The following have been reloaded with a version change:
  1) nccl-ofi-plugin/1.18.0-cuda129 => nccl-ofi-plugin/1.6.0-cuda126

[2026-03-04T19:40:09.647] error: *** JOB 1940474 ON gh097 CANCELLED AT 2026-03-04T19:40:09 DUE to SIGNAL Terminated ***
