=========================================
JOB 1946412 on gh128.hsn.cm.delta.internal.ncsa.edu
NVIDIA GH200 120GB, 97871 MiB, 570.172.08
PyTorch 2.5.1
Transformers 4.36.2
CUDA 12.4
GPU: NVIDIA GH200 120GB
BF16 supported? True
=========================================
Loading model...
Router loaded from amip_router_best.pt

============================================================
EXPERIMENT 1: Cosine Similarity vs Mask Ratio
============================================================
  p_mask   | Base CosSim    | Router CosSim  | Δ         
  ----------------------------------------------------
  0.15     | 0.3525         | 0.3823         | +0.0298   
  0.30     | 0.3760         | 0.4073         | +0.0313   
  0.50     | 0.4091         | 0.4449         | +0.0357   
  0.70     | 0.5036         | 0.5411         | +0.0374   
  0.85     | 0.6575         | 0.6876         | +0.0301   
  0.95     | 0.8447         | 0.8499         | +0.0051   

  Plot saved: cosine_sim_by_mask_ratio.png

============================================================
EXPERIMENT 2: Cosine Similarity by Layer (p_mask=0.85)
============================================================
  Layer 0  (embedding): 1.0000
  Layer 16 (mid):       0.7596
  Layer -1 (final):     0.6374
  Router corrected:     0.6757  <- after ALA
  Plot saved: cosine_sim_by_layer.png

Running two-panel experiment...

============================================================
EXPERIMENT 3: Two-Panel (Pairwise + Alignment)
============================================================
  Running p_mask=0.15... done
  Running p_mask=0.30... done
  Running p_mask=0.50... done
  Running p_mask=0.70... done
  Running p_mask=0.85... done
  Running p_mask=0.95... done

  p_mask   |   Pairwise Δ |   Alignment Δ
  --------------------------------------
  0.15     |      +0.0308 |       -0.0014
  0.30     |      +0.0305 |       -0.0015
  0.50     |      +0.0336 |       -0.0012
  0.70     |      +0.0364 |       -0.0006
  0.85     |      +0.0309 |       +0.0004
  0.95     |      +0.0025 |       +0.0010
  Saved: two_panel_symmetry_vs_alignment.png

============================================================
SUMMARY
============================================================
  Alpha: 0.05 + 0.0 * p_mask

  p_mask   |   Pairwise Δ |   Alignment Δ
  --------------------------------------
  0.15     |      +0.0308 |       -0.0014
  0.30     |      +0.0305 |       -0.0015
  0.50     |      +0.0336 |       -0.0012
  0.70     |      +0.0364 |       -0.0006
  0.85     |      +0.0309 |       +0.0004
  0.95     |      +0.0025 |       +0.0010

  Interpretation:
  Pairwise delta ~ 0 -> ALA does not alter global hidden state geometry
  Alignment delta > 0 -> ALA pushes each position toward the correct token

Done. Plots saved.
