=========================================
JOB 1940113 on gh100.hsn.cm.delta.internal.ncsa.edu
NVIDIA GH200 120GB, 97871 MiB, 550.163.01
PyTorch 2.5.1
CUDA 12.4
GPU: NVIDIA GH200 120GB
BF16: True
=========================================
Loading tokenizer and base model...
Router loaded from amip_router_final.pt

============================================================
EXPERIMENT 1: Cosine Similarity vs Mask Ratio
============================================================
  p_mask   | Base CosSim    | Router CosSim  | Δ         
  ----------------------------------------------------
  0.15     | 0.3493         | 0.4187         | +0.0694   
  0.30     | 0.3676         | 0.4752         | +0.1076   
  0.50     | 0.4051         | 0.5588         | +0.1537   
  0.70     | 0.5065         | 0.6643         | +0.1578   
  0.85     | 0.6808         | 0.7607         | +0.0799   
  0.95     | 0.8501         | 0.8383         | -0.0118   

============================================================
EXPERIMENT 2: Cosine Similarity by Layer (p_mask=0.85)
============================================================
  Layer 0  (embedding): 1.0000
  Layer 16 (mid):       0.7578
  Layer -1 (final):     0.6450
  Router corrected:     0.7470  ← after ALA

  Plot saved: cosine_sim_by_mask_ratio.png
  Plot saved: cosine_sim_by_layer.png

============================================================
SUMMARY: Cosine Similarity Collapse
============================================================

  Mask Ratio | Base CosSim | Router CosSim | Δ
  ----------------------------------------------------
  0.15       | 0.3493      | 0.4187        | +0.0694
  0.30       | 0.3676      | 0.4752        | +0.1076
  0.50       | 0.4051      | 0.5588        | +0.1537
  0.70       | 0.5065      | 0.6643        | +0.1578
  0.85       | 0.6808      | 0.7607        | +0.0799
  0.95       | 0.8501      | 0.8383        | -0.0118

  Interpretation:
  • Values close to 1.0 = hidden states are nearly identical (collapsed)
  • Router values below base = ALA is successfully differentiating positions
  • Layer plot shows WHERE in the transformer collapse occurs

Done. Plots saved.
