=========================================
JOB 1941053 on gh071.hsn.cm.delta.internal.ncsa.edu
NVIDIA GH200 120GB, 97871 MiB, 550.163.01
PyTorch 2.5.1
Transformers 4.36.2
CUDA 12.4
GPU: NVIDIA GH200 120GB
BF16 supported? True
=========================================
Loading tokenizer and base model...
Router loaded from amip_router_best.pt

============================================================
EXPERIMENT 1: Cosine Similarity vs Mask Ratio
============================================================
  p_mask   | Base CosSim    | Router CosSim  | Δ         
  ----------------------------------------------------
  0.15     | 0.3410         | 0.4451         | +0.1041   
  0.30     | 0.3545         | 0.4927         | +0.1382   
  0.50     | 0.4170         | 0.5847         | +0.1677   
  0.70     | 0.4978         | 0.6612         | +0.1635   
  0.85     | 0.6878         | 0.7560         | +0.0681   
  0.95     | 0.8442         | 0.8353         | -0.0089   

============================================================
EXPERIMENT 2: Cosine Similarity by Layer (p_mask=0.85)
============================================================
  Layer 0  (embedding): 1.0000
  Layer 16 (mid):       0.7556
  Layer -1 (final):     0.6660
  Router corrected:     0.7564  ← after ALA

  Plot saved: cosine_sim_by_mask_ratio.png
  Plot saved: cosine_sim_by_layer.png

============================================================
SUMMARY: Cosine Similarity Collapse
============================================================

  Mask Ratio | Base CosSim | Router CosSim | Δ
  ----------------------------------------------------
  0.15       | 0.3410      | 0.4451        | +0.1041
  0.30       | 0.3545      | 0.4927        | +0.1382
  0.50       | 0.4170      | 0.5847        | +0.1677
  0.70       | 0.4978      | 0.6612        | +0.1635
  0.85       | 0.6878      | 0.7560        | +0.0681
  0.95       | 0.8442      | 0.8353        | -0.0089

  Interpretation:
  • Values close to 1.0 = hidden states are nearly identical (collapsed)
  • Router values below base = ALA is successfully differentiating positions
  • Layer plot shows WHERE in the transformer collapse occurs

Done. Plots saved.
