Running "module reset". Resetting modules to system default. The following $MODULEPATH directories have been removed: /opt/cray/pe/lmod/modulefiles/mpi/gnu/12.0/ofi/1.0/cray-mpich/8.0 /opt/cray/pe/lmod/modulefiles/mix_compilers /opt/cray/pe/lmod/modulefiles/compiler/gnu/12.0 /opt/cray/pe/lmod/modulefiles/perftools/25.09.0
Lmod has detected the following error: The following module(s) are unknown:
"libfabric/2.3.1"

Please check the spelling or version number. Also try "module spider ..."
It is also possible your cache file is out-of-date; it may help to try:
  $ module --ignore_cache load "libfabric/2.3.1"

Also make sure that all modulefiles written in TCL start with the string
#%Module

Executing this command requires loading "libfabric/2.3.1" which failed while
processing the following module(s):

    Module fullname                 Module Filename
    ---------------                 ---------------
    nccl-ofi-plugin/1.18.0-cuda129  /sw/user/modules/nccl-ofi-plugin/1.18.0-cuda129.lua
    default-update                  /sw/user/modules/default-update.lua



Lmod is automatically replacing "gcc-native/14" with "gcc/14.2.0".


Lmod is automatically replacing "gcc/14.2.0" with "gcc-native/13.2".

Lmod Warning:
-------------------------------------------------------------------------------
The following dependent module(s) are not currently loaded: libfabric/2.3.1
(required by: nccl-ofi-plugin/1.18.0-cuda129)
-------------------------------------------------------------------------------




The following have been reloaded with a version change:
  1) PrgEnv-gnu/8.6.0 => PrgEnv-gnu/8.5.0
  2) cray-dsmml/0.3.1 => cray-dsmml/0.3.0
  3) cray-libsci/25.09.0 => cray-libsci/24.07.0
  4) cray-mpich/9.0.1 => cray-mpich/8.1.30
  5) craype/2.7.35 => craype/2.7.32
  6) cudatoolkit/25.5_12.9 => cudatoolkit/24.3_12.3
  7) gcc-native/14 => gcc-native/13.2
  8) libfabric/2.3.1 => libfabric/1.20.1
  9) perftools-base/25.09.0 => perftools-base/24.07.0
 10) xpmem/1.0.1-1.4_gf67ddfb318d4 => xpmem/2.9.6-1.1_20240511212657__g087dc11fc19d

AWS OFI NCCL Plugin v1.6.0 loaded for CUDA 12.6.1
This provides network transport ONLY - NCCL library from PyTorch
Configured for Slingshot11/CXI interconnect
CUDA 12.6.1 loaded with compatible AWS OFI NCCL plugin v1.6.0
Plugin provides network transport - NCCL library from PyTorch
Use with python/miniforge3_pytorch/2.7.0 or equivalent for best compatibility

The following have been reloaded with a version change:
  1) gcc-native/13.2 => gcc-native/12.3
  2) nccl-ofi-plugin/1.18.0-cuda129 => nccl-ofi-plugin/1.6.0-cuda126

gpu-bind: usable_gres=0x1; bit_alloc=0x1; local_inx=1; global_list=0; local_list=0
/u/iyu1/.conda/envs/nim-env/lib/python3.10/site-packages/transformers/utils/generic.py:441: FutureWarning: `torch.utils._pytree._register_pytree_node` is deprecated. Please use `torch.utils._pytree.register_pytree_node` instead.
  _torch_pytree._register_pytree_node(
/u/iyu1/.conda/envs/nim-env/lib/python3.10/site-packages/huggingface_hub/file_download.py:943: FutureWarning: `resume_download` is deprecated and will be removed in version 1.0.0. Downloads always resume when possible. If you want to force a new download, use `force_download=True`.
  warnings.warn(
Special tokens have been added in the vocabulary, make sure the associated word embeddings are fine-tuned or trained.
/u/iyu1/.conda/envs/nim-env/lib/python3.10/site-packages/transformers/utils/generic.py:309: FutureWarning: `torch.utils._pytree._register_pytree_node` is deprecated. Please use `torch.utils._pytree.register_pytree_node` instead.
  _torch_pytree._register_pytree_node(
/u/iyu1/.conda/envs/nim-env/lib/python3.10/site-packages/transformers/utils/generic.py:309: FutureWarning: `torch.utils._pytree._register_pytree_node` is deprecated. Please use `torch.utils._pytree.register_pytree_node` instead.
  _torch_pytree._register_pytree_node(
The model weights are not tied. Please use the `tie_weights` method before using the `infer_auto_device` function.
Loading checkpoint shards:   0%|          | 0/6 [00:00<?, ?it/s]Loading checkpoint shards:  17%|█▋        | 1/6 [00:03<00:17,  3.48s/it]Loading checkpoint shards:  33%|███▎      | 2/6 [00:13<00:30,  7.51s/it]Loading checkpoint shards:  50%|█████     | 3/6 [00:22<00:24,  8.22s/it]Loading checkpoint shards:  67%|██████▋   | 4/6 [00:32<00:17,  8.58s/it]Loading checkpoint shards:  83%|████████▎ | 5/6 [00:41<00:09,  9.07s/it]Loading checkpoint shards: 100%|██████████| 6/6 [00:49<00:00,  8.60s/it]Loading checkpoint shards: 100%|██████████| 6/6 [00:49<00:00,  8.27s/it]
/u/iyu1/.conda/envs/nim-env/lib/python3.10/site-packages/huggingface_hub/file_download.py:943: FutureWarning: `resume_download` is deprecated and will be removed in version 1.0.0. Downloads always resume when possible. If you want to force a new download, use `force_download=True`.
  warnings.warn(
/u/iyu1/nim_game_project/llada/token_alignment_experiment.py:317: UserWarning: Tight layout not applied. The bottom and top margins cannot be made large enough to accommodate all Axes decorations.
  plt.tight_layout()

real	1m36.427s
user	0m0.001s
sys	0m0.018s
