=========================================
JOB 1940114 on gh100.hsn.cm.delta.internal.ncsa.edu
NVIDIA GH200 120GB, 97871 MiB, 550.163.01
PyTorch 2.5.1
CUDA 12.4
GPU: NVIDIA GH200 120GB
BF16: True
=========================================
Loading model...
Router loaded from amip_router_final.pt

============================================================
TOKEN ALIGNMENT EXPERIMENT
cos(h, W_out[correct_token]) — higher = better directed
============================================================

  p_mask   | Base Align   | Router Align   |        Δ | N tokens
  ------------------------------------------------------------
  0.15     | 0.1336       | 0.1320         |  -0.0016 | 443
  0.30     | 0.1232       | 0.1184         |  -0.0048 | 925
  0.50     | 0.1022       | 0.0954         |  -0.0068 | 1437  ◄ peak
  0.70     | 0.0698       | 0.0655         |  -0.0043 | 2041
  0.85     | 0.0410       | 0.0422         |  +0.0012 | 2497
  0.95     | 0.0243       | 0.0268         |  +0.0025 | 2812

  Saved: token_alignment_by_mask_ratio.png

Running two-panel experiment (pairwise + alignment)...
  Running p_mask=0.15... done
  Running p_mask=0.30... done
  Running p_mask=0.50... done
  Running p_mask=0.70... done
  Running p_mask=0.85... done
  Running p_mask=0.95... done
  Saved: two_panel_symmetry_vs_alignment.png

============================================================
SUMMARY
============================================================

  p_mask   |   Pairwise Δ |   Alignment Δ
  --------------------------------------
  0.15     |      +0.0661 |       -0.0020
  0.30     |      +0.1101 |       -0.0053
  0.50     |      +0.1539 |       -0.0079
  0.70     |      +0.1601 |       -0.0045
  0.85     |      +0.0740 |       +0.0011
  0.95     |      -0.0177 |       +0.0023

  Interpretation:
  Pairwise Δ ≈ 0  → ALA does not alter global hidden state geometry
  Alignment Δ > 0 → ALA pushes each position toward the correct token

  This dissociation is the mechanistic story of the paper.

  Results saved to token_alignment_results.txt
  Plots: token_alignment_by_mask_ratio.png, two_panel_symmetry_vs_alignment.png
